{"/home/travis/build/npmtest/node-npmtest-date-fns/test.js":{"path":"/home/travis/build/npmtest/node-npmtest-date-fns/test.js","s":{"1":2,"2":2,"3":2,"4":2,"5":2,"6":2,"7":2,"8":1,"9":2,"10":2,"11":1,"12":1,"13":1,"14":1,"15":2,"16":2,"17":2,"18":2,"19":1,"20":1,"21":2,"22":2,"23":2,"24":1,"25":1,"26":1,"27":1,"28":1,"29":1,"30":1,"31":1,"32":1,"33":1,"34":1,"35":1,"36":1,"37":1,"38":1,"39":2,"40":2,"41":1,"42":2,"43":2,"44":1,"45":2,"46":2,"47":1,"48":2,"49":2,"50":1,"51":1,"52":1,"53":1,"54":1},"b":{"1":[2,1,1,1],"2":[1,1,1,1],"3":[1,1],"4":[1,1],"5":[1,1],"6":[1,1],"7":[1,1],"8":[1,1],"9":[1,1],"10":[1,1,1],"11":[1,1],"12":[1,1],"13":[1,1],"14":[1,1],"15":[1,1],"16":[1,1],"17":[1,1]},"f":{"1":2,"2":2,"3":2,"4":2,"5":2,"6":1,"7":1,"8":1,"9":2,"10":2,"11":2,"12":2,"13":1},"fnMap":{"1":{"name":"(anonymous_1)","line":12,"loc":{"start":{"line":12,"column":1},"end":{"line":12,"column":13}}},"2":{"name":"(anonymous_2)","line":19,"loc":{"start":{"line":19,"column":5},"end":{"line":19,"column":17}}},"3":{"name":"(anonymous_3)","line":23,"loc":{"start":{"line":23,"column":24},"end":{"line":23,"column":36}}},"4":{"name":"(anonymous_4)","line":61,"loc":{"start":{"line":61,"column":5},"end":{"line":61,"column":17}}},"5":{"name":"(anonymous_5)","line":82,"loc":{"start":{"line":82,"column":5},"end":{"line":82,"column":17}}},"6":{"name":"(anonymous_6)","line":91,"loc":{"start":{"line":91,"column":77},"end":{"line":94,"column":10}}},"7":{"name":"(anonymous_7)","line":112,"loc":{"start":{"line":112,"column":83},"end":{"line":115,"column":10}},"skip":true},"8":{"name":"(anonymous_8)","line":123,"loc":{"start":{"line":123,"column":77},"end":{"line":126,"column":10}},"skip":true},"9":{"name":"(anonymous_9)","line":139,"loc":{"start":{"line":139,"column":12},"end":{"line":139,"column":40}},"skip":true},"10":{"name":"(anonymous_10)","line":147,"loc":{"start":{"line":147,"column":77},"end":{"line":150,"column":10}},"skip":true},"11":{"name":"(anonymous_11)","line":158,"loc":{"start":{"line":158,"column":83},"end":{"line":161,"column":10}},"skip":true},"12":{"name":"(anonymous_12)","line":169,"loc":{"start":{"line":169,"column":79},"end":{"line":172,"column":10}},"skip":true},"13":{"name":"(anonymous_13)","line":180,"loc":{"start":{"line":180,"column":75},"end":{"line":183,"column":10}},"skip":true}},"statementMap":{"1":{"start":{"line":12,"column":0},"end":{"line":195,"column":5}},"2":{"start":{"line":14,"column":4},"end":{"line":14,"column":14}},"3":{"start":{"line":19,"column":4},"end":{"line":56,"column":9}},"4":{"start":{"line":21,"column":8},"end":{"line":21,"column":19}},"5":{"start":{"line":23,"column":8},"end":{"line":35,"column":13}},"6":{"start":{"line":24,"column":12},"end":{"line":34,"column":13}},"7":{"start":{"line":25,"column":16},"end":{"line":28,"column":30}},"8":{"start":{"line":30,"column":16},"end":{"line":33,"column":27}},"9":{"start":{"line":37,"column":8},"end":{"line":39,"column":21}},"10":{"start":{"line":40,"column":8},"end":{"line":53,"column":9}},"11":{"start":{"line":43,"column":12},"end":{"line":46,"column":14}},"12":{"start":{"line":47,"column":12},"end":{"line":47,"column":18}},"13":{"start":{"line":50,"column":12},"end":{"line":51,"column":33}},"14":{"start":{"line":52,"column":12},"end":{"line":52,"column":18}},"15":{"start":{"line":55,"column":8},"end":{"line":55,"column":35}},"16":{"start":{"line":61,"column":4},"end":{"line":63,"column":9}},"17":{"start":{"line":62,"column":8},"end":{"line":62,"column":15}},"18":{"start":{"line":64,"column":4},"end":{"line":77,"column":5}},"19":{"start":{"line":70,"column":8},"end":{"line":70,"column":14}},"20":{"start":{"line":76,"column":8},"end":{"line":76,"column":14}},"21":{"start":{"line":82,"column":4},"end":{"line":84,"column":9}},"22":{"start":{"line":83,"column":8},"end":{"line":83,"column":15}},"23":{"start":{"line":85,"column":4},"end":{"line":194,"column":5}},"24":{"start":{"line":91,"column":8},"end":{"line":99,"column":10}},"25":{"start":{"line":98,"column":12},"end":{"line":98,"column":35}},"26":{"start":{"line":102,"column":8},"end":{"line":104,"column":63}},"27":{"start":{"line":105,"column":8},"end":{"line":105,"column":14}},"28":{"start":{"line":112,"column":8},"end":{"line":121,"column":10},"skip":true},"29":{"start":{"line":119,"column":12},"end":{"line":119,"column":55},"skip":true},"30":{"start":{"line":120,"column":12},"end":{"line":120,"column":48},"skip":true},"31":{"start":{"line":123,"column":8},"end":{"line":136,"column":10},"skip":true},"32":{"start":{"line":130,"column":12},"end":{"line":130,"column":76},"skip":true},"33":{"start":{"line":131,"column":12},"end":{"line":131,"column":73},"skip":true},"34":{"start":{"line":132,"column":12},"end":{"line":132,"column":74},"skip":true},"35":{"start":{"line":133,"column":12},"end":{"line":133,"column":79},"skip":true},"36":{"start":{"line":134,"column":12},"end":{"line":134,"column":25},"skip":true},"37":{"start":{"line":135,"column":12},"end":{"line":135,"column":45},"skip":true},"38":{"start":{"line":138,"column":8},"end":{"line":145,"column":14},"skip":true},"39":{"start":{"line":143,"column":16},"end":{"line":143,"column":29},"skip":true},"40":{"start":{"line":144,"column":16},"end":{"line":144,"column":55},"skip":true},"41":{"start":{"line":147,"column":8},"end":{"line":156,"column":10},"skip":true},"42":{"start":{"line":154,"column":12},"end":{"line":154,"column":25},"skip":true},"43":{"start":{"line":155,"column":12},"end":{"line":155,"column":45},"skip":true},"44":{"start":{"line":158,"column":8},"end":{"line":167,"column":10},"skip":true},"45":{"start":{"line":165,"column":12},"end":{"line":165,"column":25},"skip":true},"46":{"start":{"line":166,"column":12},"end":{"line":166,"column":48},"skip":true},"47":{"start":{"line":169,"column":8},"end":{"line":178,"column":10},"skip":true},"48":{"start":{"line":176,"column":12},"end":{"line":176,"column":25},"skip":true},"49":{"start":{"line":177,"column":12},"end":{"line":177,"column":46},"skip":true},"50":{"start":{"line":180,"column":8},"end":{"line":189,"column":10},"skip":true},"51":{"start":{"line":187,"column":12},"end":{"line":187,"column":94},"skip":true},"52":{"start":{"line":188,"column":12},"end":{"line":188,"column":48},"skip":true},"53":{"start":{"line":192,"column":8},"end":{"line":192,"column":35},"skip":true},"54":{"start":{"line":193,"column":8},"end":{"line":193,"column":14},"skip":true}},"branchMap":{"1":{"line":25,"type":"binary-expr","locations":[{"start":{"line":25,"column":23},"end":{"line":25,"column":62}},{"start":{"line":26,"column":20},"end":{"line":26,"column":70}},{"start":{"line":27,"column":20},"end":{"line":27,"column":71}},{"start":{"line":28,"column":20},"end":{"line":28,"column":29}}]},"2":{"line":30,"type":"binary-expr","locations":[{"start":{"line":30,"column":23},"end":{"line":30,"column":37}},{"start":{"line":31,"column":20},"end":{"line":31,"column":61}},{"start":{"line":32,"column":20},"end":{"line":32,"column":70}},{"start":{"line":33,"column":20},"end":{"line":33,"column":26}}]},"3":{"line":37,"type":"cond-expr","locations":[{"start":{"line":38,"column":14},"end":{"line":38,"column":20}},{"start":{"line":39,"column":14},"end":{"line":39,"column":20}}]},"4":{"line":40,"type":"switch","locations":[{"start":{"line":42,"column":8},"end":{"line":47,"column":18}},{"start":{"line":49,"column":8},"end":{"line":52,"column":18}}]},"5":{"line":44,"type":"binary-expr","locations":[{"start":{"line":44,"column":16},"end":{"line":44,"column":44}},{"start":{"line":44,"column":48},"end":{"line":44,"column":66}}]},"6":{"line":50,"type":"binary-expr","locations":[{"start":{"line":50,"column":21},"end":{"line":50,"column":49}},{"start":{"line":50,"column":53},"end":{"line":50,"column":72}}]},"7":{"line":64,"type":"switch","locations":[{"start":{"line":69,"column":4},"end":{"line":70,"column":14}},{"start":{"line":75,"column":4},"end":{"line":76,"column":14}}]},"8":{"line":85,"type":"switch","locations":[{"start":{"line":90,"column":4},"end":{"line":105,"column":14}},{"start":{"line":111,"column":4},"end":{"line":193,"column":14},"skip":true}]},"9":{"line":91,"type":"binary-expr","locations":[{"start":{"line":91,"column":42},"end":{"line":91,"column":73}},{"start":{"line":91,"column":77},"end":{"line":99,"column":9}}]},"10":{"line":102,"type":"binary-expr","locations":[{"start":{"line":102,"column":18},"end":{"line":102,"column":32}},{"start":{"line":103,"column":12},"end":{"line":103,"column":53}},{"start":{"line":104,"column":12},"end":{"line":104,"column":61}}]},"11":{"line":112,"type":"binary-expr","locations":[{"start":{"line":112,"column":45},"end":{"line":112,"column":79},"skip":true},{"start":{"line":112,"column":83},"end":{"line":121,"column":9},"skip":true}]},"12":{"line":123,"type":"binary-expr","locations":[{"start":{"line":123,"column":42},"end":{"line":123,"column":73},"skip":true},{"start":{"line":123,"column":77},"end":{"line":136,"column":9},"skip":true}]},"13":{"line":138,"type":"binary-expr","locations":[{"start":{"line":138,"column":48},"end":{"line":138,"column":85},"skip":true},{"start":{"line":139,"column":12},"end":{"line":145,"column":13},"skip":true}]},"14":{"line":147,"type":"binary-expr","locations":[{"start":{"line":147,"column":42},"end":{"line":147,"column":73},"skip":true},{"start":{"line":147,"column":77},"end":{"line":156,"column":9},"skip":true}]},"15":{"line":158,"type":"binary-expr","locations":[{"start":{"line":158,"column":45},"end":{"line":158,"column":79},"skip":true},{"start":{"line":158,"column":83},"end":{"line":167,"column":9},"skip":true}]},"16":{"line":169,"type":"binary-expr","locations":[{"start":{"line":169,"column":43},"end":{"line":169,"column":75},"skip":true},{"start":{"line":169,"column":79},"end":{"line":178,"column":9},"skip":true}]},"17":{"line":180,"type":"binary-expr","locations":[{"start":{"line":180,"column":41},"end":{"line":180,"column":71},"skip":true},{"start":{"line":180,"column":75},"end":{"line":189,"column":9},"skip":true}]}},"code":["/* istanbul instrument in package npmtest_date_fns */","/*jslint","    bitwise: true,","    browser: true,","    maxerr: 8,","    maxlen: 96,","    node: true,","    nomen: true,","    regexp: true,","    stupid: true","*/","(function () {","    'use strict';","    var local;","","","","    // run shared js-env code - pre-init","    (function () {","        // init local","        local = {};","        // init modeJs","        local.modeJs = (function () {","            try {","                return typeof navigator.userAgent === 'string' &&","                    typeof document.querySelector('body') === 'object' &&","                    typeof XMLHttpRequest.prototype.open === 'function' &&","                    'browser';","            } catch (errorCaughtBrowser) {","                return module.exports &&","                    typeof process.versions.node === 'string' &&","                    typeof require('http').createServer === 'function' &&","                    'node';","            }","        }());","        // init global","        local.global = local.modeJs === 'browser'","            ? window","            : global;","        switch (local.modeJs) {","        // re-init local from window.local","        case 'browser':","            local = local.global.utility2.objectSetDefault(","                local.global.utility2_rollup || local.global.local,","                local.global.utility2","            );","            break;","        // re-init local from example.js","        case 'node':","            local = (local.global.utility2_rollup || require('utility2'))","                .requireReadme();","            break;","        }","        // export local","        local.global.local = local;","    }());","","","","    // run shared js-env code - function","    (function () {","        return;","    }());","    switch (local.modeJs) {","","","","    // run browser js-env code - function","    case 'browser':","        break;","","","","    // run node js-env code - function","    case 'node':","        break;","    }","","","","    // run shared js-env code - post-init","    (function () {","        return;","    }());","    switch (local.modeJs) {","","","","    // run browser js-env code - post-init","    case 'browser':","        local.testCase_browser_nullCase = local.testCase_browser_nullCase || function (","            options,","            onError","        ) {","        /*","         * this function will test browsers's null-case handling-behavior-behavior","         */","            onError(null, options);","        };","","        // run tests","        local.nop(local.modeTest &&","            document.querySelector('#testRunButton1') &&","            document.querySelector('#testRunButton1').click());","        break;","","","","    // run node js-env code - post-init","    /* istanbul ignore next */","    case 'node':","        local.testCase_buildApidoc_default = local.testCase_buildApidoc_default || function (","            options,","            onError","        ) {","        /*","         * this function will test buildApidoc's default handling-behavior-behavior","         */","            options = { modulePathList: module.paths };","            local.buildApidoc(options, onError);","        };","","        local.testCase_buildApp_default = local.testCase_buildApp_default || function (","            options,","            onError","        ) {","        /*","         * this function will test buildApp's default handling-behavior-behavior","         */","            local.testCase_buildReadme_default(options, local.onErrorThrow);","            local.testCase_buildLib_default(options, local.onErrorThrow);","            local.testCase_buildTest_default(options, local.onErrorThrow);","            local.testCase_buildCustomOrg_default(options, local.onErrorThrow);","            options = [];","            local.buildApp(options, onError);","        };","","        local.testCase_buildCustomOrg_default = local.testCase_buildCustomOrg_default ||","            function (options, onError) {","            /*","             * this function will test buildCustomOrg's default handling-behavior","             */","                options = {};","                local.buildCustomOrg(options, onError);","            };","","        local.testCase_buildLib_default = local.testCase_buildLib_default || function (","            options,","            onError","        ) {","        /*","         * this function will test buildLib's default handling-behavior","         */","            options = {};","            local.buildLib(options, onError);","        };","","        local.testCase_buildReadme_default = local.testCase_buildReadme_default || function (","            options,","            onError","        ) {","        /*","         * this function will test buildReadme's default handling-behavior-behavior","         */","            options = {};","            local.buildReadme(options, onError);","        };","","        local.testCase_buildTest_default = local.testCase_buildTest_default || function (","            options,","            onError","        ) {","        /*","         * this function will test buildTest's default handling-behavior","         */","            options = {};","            local.buildTest(options, onError);","        };","","        local.testCase_webpage_default = local.testCase_webpage_default || function (","            options,","            onError","        ) {","        /*","         * this function will test webpage's default handling-behavior","         */","            options = { modeCoverageMerge: true, url: local.serverLocalHost + '?modeTest=1' };","            local.browserTest(options, onError);","        };","","        // run test-server","        local.testRunServer(local);","        break;","    }","}());",""],"l":{"12":2,"14":2,"19":2,"21":2,"23":2,"24":2,"25":2,"30":1,"37":2,"40":2,"43":1,"47":1,"50":1,"52":1,"55":2,"61":2,"62":2,"64":2,"70":1,"76":1,"82":2,"83":2,"85":2,"91":1,"98":1,"102":1,"105":1,"112":1,"119":1,"120":1,"123":1,"130":1,"131":1,"132":1,"133":1,"134":1,"135":1,"138":1,"143":2,"144":2,"147":1,"154":2,"155":2,"158":1,"165":2,"166":2,"169":1,"176":2,"177":2,"180":1,"187":1,"188":1,"192":1,"193":1}},"/home/travis/build/npmtest/node-npmtest-date-fns/lib.npmtest_date_fns.js":{"path":"/home/travis/build/npmtest/node-npmtest-date-fns/lib.npmtest_date_fns.js","s":{"1":2,"2":2,"3":2,"4":2,"5":2,"6":2,"7":2,"8":1,"9":2,"10":2,"11":2,"12":2,"13":1,"14":1,"15":1,"16":1},"b":{"1":[2,1,1,1],"2":[1,1,1,1],"3":[1,1],"4":[2,2],"5":[1,1]},"f":{"1":2,"2":2,"3":2},"fnMap":{"1":{"name":"(anonymous_1)","line":12,"loc":{"start":{"line":12,"column":1},"end":{"line":12,"column":13}}},"2":{"name":"(anonymous_2)","line":19,"loc":{"start":{"line":19,"column":5},"end":{"line":19,"column":17}}},"3":{"name":"(anonymous_3)","line":23,"loc":{"start":{"line":23,"column":24},"end":{"line":23,"column":36}}}},"statementMap":{"1":{"start":{"line":12,"column":0},"end":{"line":53,"column":5}},"2":{"start":{"line":14,"column":4},"end":{"line":14,"column":14}},"3":{"start":{"line":19,"column":4},"end":{"line":52,"column":9}},"4":{"start":{"line":21,"column":8},"end":{"line":21,"column":19}},"5":{"start":{"line":23,"column":8},"end":{"line":35,"column":13}},"6":{"start":{"line":24,"column":12},"end":{"line":34,"column":13}},"7":{"start":{"line":25,"column":16},"end":{"line":28,"column":30}},"8":{"start":{"line":30,"column":16},"end":{"line":33,"column":27}},"9":{"start":{"line":37,"column":8},"end":{"line":39,"column":21}},"10":{"start":{"line":41,"column":8},"end":{"line":41,"column":54}},"11":{"start":{"line":43,"column":8},"end":{"line":43,"column":53}},"12":{"start":{"line":45,"column":8},"end":{"line":51,"column":9}},"13":{"start":{"line":46,"column":12},"end":{"line":46,"column":59}},"14":{"start":{"line":48,"column":12},"end":{"line":48,"column":35}},"15":{"start":{"line":49,"column":12},"end":{"line":49,"column":49}},"16":{"start":{"line":50,"column":12},"end":{"line":50,"column":43}}},"branchMap":{"1":{"line":25,"type":"binary-expr","locations":[{"start":{"line":25,"column":23},"end":{"line":25,"column":62}},{"start":{"line":26,"column":20},"end":{"line":26,"column":70}},{"start":{"line":27,"column":20},"end":{"line":27,"column":71}},{"start":{"line":28,"column":20},"end":{"line":28,"column":29}}]},"2":{"line":30,"type":"binary-expr","locations":[{"start":{"line":30,"column":23},"end":{"line":30,"column":37}},{"start":{"line":31,"column":20},"end":{"line":31,"column":61}},{"start":{"line":32,"column":20},"end":{"line":32,"column":70}},{"start":{"line":33,"column":20},"end":{"line":33,"column":26}}]},"3":{"line":37,"type":"cond-expr","locations":[{"start":{"line":38,"column":14},"end":{"line":38,"column":20}},{"start":{"line":39,"column":14},"end":{"line":39,"column":20}}]},"4":{"line":41,"type":"binary-expr","locations":[{"start":{"line":41,"column":16},"end":{"line":41,"column":44}},{"start":{"line":41,"column":48},"end":{"line":41,"column":53}}]},"5":{"line":45,"type":"if","locations":[{"start":{"line":45,"column":8},"end":{"line":45,"column":8}},{"start":{"line":45,"column":8},"end":{"line":45,"column":8}}]}},"code":["/* istanbul instrument in package npmtest_date_fns */","/*jslint","    bitwise: true,","    browser: true,","    maxerr: 8,","    maxlen: 96,","    node: true,","    nomen: true,","    regexp: true,","    stupid: true","*/","(function () {","    'use strict';","    var local;","","","","    // run shared js-env code - pre-init","    (function () {","        // init local","        local = {};","        // init modeJs","        local.modeJs = (function () {","            try {","                return typeof navigator.userAgent === 'string' &&","                    typeof document.querySelector('body') === 'object' &&","                    typeof XMLHttpRequest.prototype.open === 'function' &&","                    'browser';","            } catch (errorCaughtBrowser) {","                return module.exports &&","                    typeof process.versions.node === 'string' &&","                    typeof require('http').createServer === 'function' &&","                    'node';","            }","        }());","        // init global","        local.global = local.modeJs === 'browser'","            ? window","            : global;","        // init utility2_rollup","        local = local.global.utility2_rollup || local;","        // init lib","        local.local = local.npmtest_date_fns = local;","        // init exports","        if (local.modeJs === 'browser') {","            local.global.utility2_npmtest_date_fns = local;","        } else {","            module.exports = local;","            module.exports.__dirname = __dirname;","            module.exports.module = module;","        }","    }());","}());",""],"l":{"12":2,"14":2,"19":2,"21":2,"23":2,"24":2,"25":2,"30":1,"37":2,"41":2,"43":2,"45":2,"46":1,"48":1,"49":1,"50":1}},"/home/travis/build/npmtest/node-npmtest-date-fns/example.js":{"path":"/home/travis/build/npmtest/node-npmtest-date-fns/example.js","s":{"1":2,"2":2,"3":2,"4":2,"5":2,"6":2,"7":2,"8":1,"9":2,"10":2,"11":2,"12":2,"13":1,"14":2,"15":2,"16":2,"17":2,"18":2,"19":0,"20":2,"21":1,"22":1,"23":1,"24":1,"25":1,"26":0,"27":0,"28":1,"29":1,"30":2,"31":0,"32":0,"33":0,"34":1,"35":2,"36":2,"37":3,"38":3,"39":3,"40":3,"41":0,"42":3,"43":3,"44":3,"45":1,"46":3,"47":1,"48":1,"49":1,"50":1,"51":1,"52":1,"53":1,"54":1,"55":1,"56":1,"57":0,"58":1,"59":6,"60":6,"61":1,"62":2,"63":0,"64":2,"65":1,"66":1,"67":0,"68":0,"69":0,"70":0,"71":0,"72":0,"73":0,"74":0,"75":0,"76":0,"77":0,"78":0,"79":0,"80":0,"81":0,"82":0,"83":0},"b":{"1":[2,1,1,1],"2":[1,1,1,1],"3":[1,1],"4":[2,2],"5":[1,1],"6":[1,1],"7":[2,0],"8":[2,1,1,1,1,1],"9":[0,2,0],"10":[1,1],"11":[2,1,1],"12":[1,0],"13":[0,2],"14":[2,0,0,0,0,0,0],"15":[0,3],"16":[3,0],"17":[1,1],"18":[0,1],"19":[1,2,0,2],"20":[1,0],"21":[1,1],"22":[0,0],"23":[0,0],"24":[0,0],"25":[0,0],"26":[0,0],"27":[0,0],"28":[0,0]},"f":{"1":2,"2":2,"3":2,"4":2,"5":2,"6":2,"7":3,"8":3,"9":3,"10":1,"11":6,"12":0},"fnMap":{"1":{"name":"(anonymous_1)","line":26,"loc":{"start":{"line":26,"column":1},"end":{"line":26,"column":13}}},"2":{"name":"(anonymous_2)","line":33,"loc":{"start":{"line":33,"column":5},"end":{"line":33,"column":17}}},"3":{"name":"(anonymous_3)","line":37,"loc":{"start":{"line":37,"column":24},"end":{"line":37,"column":36}}},"4":{"name":"(anonymous_4)","line":69,"loc":{"start":{"line":69,"column":31},"end":{"line":69,"column":48}},"skip":true},"5":{"name":"(anonymous_5)","line":78,"loc":{"start":{"line":78,"column":26},"end":{"line":78,"column":45}},"skip":true},"6":{"name":"(anonymous_6)","line":123,"loc":{"start":{"line":123,"column":33},"end":{"line":123,"column":48}},"skip":true},"7":{"name":"(anonymous_7)","line":125,"loc":{"start":{"line":125,"column":27},"end":{"line":125,"column":39}},"skip":true},"8":{"name":"(anonymous_8)","line":133,"loc":{"start":{"line":133,"column":59},"end":{"line":133,"column":74}},"skip":true},"9":{"name":"(anonymous_9)","line":143,"loc":{"start":{"line":143,"column":45},"end":{"line":143,"column":62}},"skip":true},"10":{"name":"(anonymous_10)","line":144,"loc":{"start":{"line":144,"column":73},"end":{"line":144,"column":92}},"skip":true},"11":{"name":"(anonymous_11)","line":272,"loc":{"start":{"line":272,"column":51},"end":{"line":272,"column":77}},"skip":true},"12":{"name":"(anonymous_12)","line":315,"loc":{"start":{"line":315,"column":32},"end":{"line":315,"column":61}},"skip":true}},"statementMap":{"1":{"start":{"line":26,"column":0},"end":{"line":326,"column":5}},"2":{"start":{"line":28,"column":4},"end":{"line":28,"column":14}},"3":{"start":{"line":33,"column":4},"end":{"line":60,"column":9}},"4":{"start":{"line":35,"column":8},"end":{"line":35,"column":19}},"5":{"start":{"line":37,"column":8},"end":{"line":49,"column":13}},"6":{"start":{"line":38,"column":12},"end":{"line":48,"column":13}},"7":{"start":{"line":39,"column":16},"end":{"line":42,"column":30}},"8":{"start":{"line":44,"column":16},"end":{"line":47,"column":27}},"9":{"start":{"line":51,"column":8},"end":{"line":53,"column":21}},"10":{"start":{"line":55,"column":8},"end":{"line":57,"column":45}},"11":{"start":{"line":59,"column":8},"end":{"line":59,"column":35}},"12":{"start":{"line":61,"column":4},"end":{"line":325,"column":5}},"13":{"start":{"line":69,"column":8},"end":{"line":121,"column":10},"skip":true},"14":{"start":{"line":70,"column":12},"end":{"line":88,"column":13},"skip":true},"15":{"start":{"line":76,"column":16},"end":{"line":87,"column":19},"skip":true},"16":{"start":{"line":79,"column":20},"end":{"line":86,"column":21},"skip":true},"17":{"start":{"line":82,"column":24},"end":{"line":82,"column":43},"skip":true},"18":{"start":{"line":83,"column":24},"end":{"line":83,"column":30},"skip":true},"19":{"start":{"line":85,"column":24},"end":{"line":85,"column":49},"skip":true},"20":{"start":{"line":89,"column":12},"end":{"line":107,"column":13},"skip":true},"21":{"start":{"line":92,"column":16},"end":{"line":102,"column":17},"skip":true},"22":{"start":{"line":93,"column":20},"end":{"line":93,"column":86},"skip":true},"23":{"start":{"line":94,"column":20},"end":{"line":95,"column":45},"skip":true},"24":{"start":{"line":96,"column":20},"end":{"line":96,"column":42},"skip":true},"25":{"start":{"line":97,"column":20},"end":{"line":97,"column":48},"skip":true},"26":{"start":{"line":100,"column":20},"end":{"line":100,"column":85},"skip":true},"27":{"start":{"line":101,"column":20},"end":{"line":101,"column":96},"skip":true},"28":{"start":{"line":103,"column":16},"end":{"line":103,"column":22},"skip":true},"29":{"start":{"line":106,"column":16},"end":{"line":106,"column":22},"skip":true},"30":{"start":{"line":108,"column":12},"end":{"line":120,"column":13},"skip":true},"31":{"start":{"line":114,"column":16},"end":{"line":119,"column":17},"skip":true},"32":{"start":{"line":116,"column":20},"end":{"line":116,"column":78},"skip":true},"33":{"start":{"line":118,"column":20},"end":{"line":118,"column":47},"skip":true},"34":{"start":{"line":123,"column":8},"end":{"line":141,"column":11},"skip":true},"35":{"start":{"line":124,"column":12},"end":{"line":124,"column":54},"skip":true},"36":{"start":{"line":125,"column":12},"end":{"line":140,"column":14},"skip":true},"37":{"start":{"line":126,"column":16},"end":{"line":126,"column":28},"skip":true},"38":{"start":{"line":127,"column":16},"end":{"line":127,"column":69},"skip":true},"39":{"start":{"line":128,"column":16},"end":{"line":128,"column":75},"skip":true},"40":{"start":{"line":129,"column":16},"end":{"line":131,"column":17},"skip":true},"41":{"start":{"line":130,"column":20},"end":{"line":130,"column":27},"skip":true},"42":{"start":{"line":133,"column":16},"end":{"line":137,"column":36},"skip":true},"43":{"start":{"line":134,"column":20},"end":{"line":136,"column":55},"skip":true},"44":{"start":{"line":139,"column":16},"end":{"line":139,"column":57},"skip":true},"45":{"start":{"line":143,"column":8},"end":{"line":147,"column":11},"skip":true},"46":{"start":{"line":144,"column":12},"end":{"line":146,"column":15},"skip":true},"47":{"start":{"line":145,"column":16},"end":{"line":145,"column":70},"skip":true},"48":{"start":{"line":149,"column":8},"end":{"line":149,"column":31},"skip":true},"49":{"start":{"line":150,"column":8},"end":{"line":150,"column":14},"skip":true},"50":{"start":{"line":158,"column":8},"end":{"line":158,"column":31},"skip":true},"51":{"start":{"line":160,"column":8},"end":{"line":160,"column":33},"skip":true},"52":{"start":{"line":161,"column":8},"end":{"line":161,"column":37},"skip":true},"53":{"start":{"line":162,"column":8},"end":{"line":162,"column":35},"skip":true},"54":{"start":{"line":164,"column":8},"end":{"line":164,"column":50},"skip":true},"55":{"start":{"line":166,"column":8},"end":{"line":256,"column":2},"skip":true},"56":{"start":{"line":258,"column":8},"end":{"line":286,"column":9},"skip":true},"57":{"start":{"line":259,"column":12},"end":{"line":269,"column":14},"skip":true},"58":{"start":{"line":271,"column":12},"end":{"line":285,"column":19},"skip":true},"59":{"start":{"line":274,"column":20},"end":{"line":274,"column":35},"skip":true},"60":{"start":{"line":275,"column":20},"end":{"line":284,"column":21},"skip":true},"61":{"start":{"line":277,"column":24},"end":{"line":277,"column":64},"skip":true},"62":{"start":{"line":279,"column":24},"end":{"line":279,"column":40},"skip":true},"63":{"start":{"line":281,"column":24},"end":{"line":281,"column":40},"skip":true},"64":{"start":{"line":283,"column":24},"end":{"line":283,"column":39},"skip":true},"65":{"start":{"line":288,"column":8},"end":{"line":290,"column":9},"skip":true},"66":{"start":{"line":289,"column":12},"end":{"line":289,"column":18},"skip":true},"67":{"start":{"line":291,"column":8},"end":{"line":293,"column":54},"skip":true},"68":{"start":{"line":296,"column":8},"end":{"line":301,"column":37},"skip":true},"69":{"start":{"line":303,"column":8},"end":{"line":303,"column":82},"skip":true},"70":{"start":{"line":306,"column":8},"end":{"line":308,"column":9},"skip":true},"71":{"start":{"line":307,"column":12},"end":{"line":307,"column":82},"skip":true},"72":{"start":{"line":310,"column":8},"end":{"line":312,"column":9},"skip":true},"73":{"start":{"line":311,"column":12},"end":{"line":311,"column":18},"skip":true},"74":{"start":{"line":313,"column":8},"end":{"line":313,"column":54},"skip":true},"75":{"start":{"line":314,"column":8},"end":{"line":314,"column":69},"skip":true},"76":{"start":{"line":315,"column":8},"end":{"line":323,"column":36},"skip":true},"77":{"start":{"line":316,"column":12},"end":{"line":316,"column":61},"skip":true},"78":{"start":{"line":317,"column":12},"end":{"line":320,"column":13},"skip":true},"79":{"start":{"line":318,"column":16},"end":{"line":318,"column":75},"skip":true},"80":{"start":{"line":319,"column":16},"end":{"line":319,"column":23},"skip":true},"81":{"start":{"line":321,"column":12},"end":{"line":321,"column":38},"skip":true},"82":{"start":{"line":322,"column":12},"end":{"line":322,"column":27},"skip":true},"83":{"start":{"line":324,"column":8},"end":{"line":324,"column":14},"skip":true}},"branchMap":{"1":{"line":39,"type":"binary-expr","locations":[{"start":{"line":39,"column":23},"end":{"line":39,"column":62}},{"start":{"line":40,"column":20},"end":{"line":40,"column":70}},{"start":{"line":41,"column":20},"end":{"line":41,"column":71}},{"start":{"line":42,"column":20},"end":{"line":42,"column":29}}]},"2":{"line":44,"type":"binary-expr","locations":[{"start":{"line":44,"column":23},"end":{"line":44,"column":37}},{"start":{"line":45,"column":20},"end":{"line":45,"column":61}},{"start":{"line":46,"column":20},"end":{"line":46,"column":70}},{"start":{"line":47,"column":20},"end":{"line":47,"column":26}}]},"3":{"line":51,"type":"cond-expr","locations":[{"start":{"line":52,"column":14},"end":{"line":52,"column":20}},{"start":{"line":53,"column":14},"end":{"line":53,"column":20}}]},"4":{"line":55,"type":"binary-expr","locations":[{"start":{"line":55,"column":16},"end":{"line":55,"column":44}},{"start":{"line":55,"column":49},"end":{"line":57,"column":43}}]},"5":{"line":55,"type":"cond-expr","locations":[{"start":{"line":56,"column":14},"end":{"line":56,"column":52}},{"start":{"line":57,"column":14},"end":{"line":57,"column":43}}]},"6":{"line":61,"type":"switch","locations":[{"start":{"line":68,"column":4},"end":{"line":150,"column":14},"skip":true},{"start":{"line":156,"column":4},"end":{"line":324,"column":14},"skip":true}]},"7":{"line":70,"type":"if","locations":[{"start":{"line":70,"column":12},"end":{"line":70,"column":12},"skip":true},{"start":{"line":70,"column":12},"end":{"line":70,"column":12},"skip":true}]},"8":{"line":70,"type":"binary-expr","locations":[{"start":{"line":70,"column":16},"end":{"line":70,"column":22},"skip":true},{"start":{"line":70,"column":27},"end":{"line":70,"column":32},"skip":true},{"start":{"line":71,"column":20},"end":{"line":71,"column":39},"skip":true},{"start":{"line":72,"column":20},"end":{"line":72,"column":49},"skip":true},{"start":{"line":73,"column":20},"end":{"line":73,"column":58},"skip":true},{"start":{"line":74,"column":20},"end":{"line":74,"column":69},"skip":true}]},"9":{"line":79,"type":"switch","locations":[{"start":{"line":80,"column":20},"end":{"line":80,"column":33},"skip":true},{"start":{"line":81,"column":20},"end":{"line":83,"column":30},"skip":true},{"start":{"line":84,"column":20},"end":{"line":85,"column":49},"skip":true}]},"10":{"line":89,"type":"switch","locations":[{"start":{"line":90,"column":12},"end":{"line":103,"column":22},"skip":true},{"start":{"line":105,"column":12},"end":{"line":106,"column":22},"skip":true}]},"11":{"line":89,"type":"binary-expr","locations":[{"start":{"line":89,"column":20},"end":{"line":89,"column":25},"skip":true},{"start":{"line":89,"column":29},"end":{"line":89,"column":48},"skip":true},{"start":{"line":89,"column":52},"end":{"line":89,"column":74},"skip":true}]},"12":{"line":92,"type":"if","locations":[{"start":{"line":92,"column":16},"end":{"line":92,"column":16},"skip":true},{"start":{"line":92,"column":16},"end":{"line":92,"column":16},"skip":true}]},"13":{"line":108,"type":"if","locations":[{"start":{"line":108,"column":12},"end":{"line":108,"column":12},"skip":true},{"start":{"line":108,"column":12},"end":{"line":108,"column":12},"skip":true}]},"14":{"line":108,"type":"binary-expr","locations":[{"start":{"line":108,"column":16},"end":{"line":108,"column":61},"skip":true},{"start":{"line":108,"column":66},"end":{"line":108,"column":72},"skip":true},{"start":{"line":108,"column":77},"end":{"line":108,"column":82},"skip":true},{"start":{"line":109,"column":20},"end":{"line":109,"column":39},"skip":true},{"start":{"line":110,"column":20},"end":{"line":110,"column":49},"skip":true},{"start":{"line":111,"column":20},"end":{"line":111,"column":58},"skip":true},{"start":{"line":112,"column":20},"end":{"line":112,"column":68},"skip":true}]},"15":{"line":129,"type":"if","locations":[{"start":{"line":129,"column":16},"end":{"line":129,"column":16},"skip":true},{"start":{"line":129,"column":16},"end":{"line":129,"column":16},"skip":true}]},"16":{"line":134,"type":"cond-expr","locations":[{"start":{"line":135,"column":26},"end":{"line":135,"column":29},"skip":true},{"start":{"line":136,"column":26},"end":{"line":136,"column":54},"skip":true}]},"17":{"line":164,"type":"binary-expr","locations":[{"start":{"line":164,"column":27},"end":{"line":164,"column":43},"skip":true},{"start":{"line":164,"column":47},"end":{"line":164,"column":49},"skip":true}]},"18":{"line":258,"type":"if","locations":[{"start":{"line":258,"column":8},"end":{"line":258,"column":8},"skip":true},{"start":{"line":258,"column":8},"end":{"line":258,"column":8},"skip":true}]},"19":{"line":275,"type":"switch","locations":[{"start":{"line":276,"column":20},"end":{"line":277,"column":64},"skip":true},{"start":{"line":278,"column":20},"end":{"line":279,"column":40},"skip":true},{"start":{"line":280,"column":20},"end":{"line":281,"column":40},"skip":true},{"start":{"line":282,"column":20},"end":{"line":283,"column":39},"skip":true}]},"20":{"line":288,"type":"if","locations":[{"start":{"line":288,"column":8},"end":{"line":288,"column":8},"skip":true},{"start":{"line":288,"column":8},"end":{"line":288,"column":8},"skip":true}]},"21":{"line":288,"type":"binary-expr","locations":[{"start":{"line":288,"column":12},"end":{"line":288,"column":40},"skip":true},{"start":{"line":288,"column":44},"end":{"line":288,"column":67},"skip":true}]},"22":{"line":292,"type":"binary-expr","locations":[{"start":{"line":292,"column":12},"end":{"line":292,"column":50},"skip":true},{"start":{"line":293,"column":12},"end":{"line":293,"column":53},"skip":true}]},"23":{"line":297,"type":"binary-expr","locations":[{"start":{"line":297,"column":12},"end":{"line":297,"column":66},"skip":true},{"start":{"line":298,"column":12},"end":{"line":301,"column":36},"skip":true}]},"24":{"line":303,"type":"binary-expr","locations":[{"start":{"line":303,"column":43},"end":{"line":303,"column":75},"skip":true},{"start":{"line":303,"column":79},"end":{"line":303,"column":81},"skip":true}]},"25":{"line":306,"type":"if","locations":[{"start":{"line":306,"column":8},"end":{"line":306,"column":8},"skip":true},{"start":{"line":306,"column":8},"end":{"line":306,"column":8},"skip":true}]},"26":{"line":310,"type":"if","locations":[{"start":{"line":310,"column":8},"end":{"line":310,"column":8},"skip":true},{"start":{"line":310,"column":8},"end":{"line":310,"column":8},"skip":true}]},"27":{"line":313,"type":"binary-expr","locations":[{"start":{"line":313,"column":27},"end":{"line":313,"column":43},"skip":true},{"start":{"line":313,"column":47},"end":{"line":313,"column":53},"skip":true}]},"28":{"line":317,"type":"if","locations":[{"start":{"line":317,"column":12},"end":{"line":317,"column":12},"skip":true},{"start":{"line":317,"column":12},"end":{"line":317,"column":12},"skip":true}]}},"code":["/*","example.js","","quickstart example","","instruction","    1. save this script as example.js","    2. run the shell command:","        $ npm install npmtest-date-fns && PORT=8081 node example.js","    3. play with the browser-demo on http://127.0.0.1:8081","*/","","","","/* istanbul instrument in package npmtest_date_fns */","/*jslint","    bitwise: true,","    browser: true,","    maxerr: 8,","    maxlen: 96,","    node: true,","    nomen: true,","    regexp: true,","    stupid: true","*/","(function () {","    'use strict';","    var local;","","","","    // run shared js-env code - pre-init","    (function () {","        // init local","        local = {};","        // init modeJs","        local.modeJs = (function () {","            try {","                return typeof navigator.userAgent === 'string' &&","                    typeof document.querySelector('body') === 'object' &&","                    typeof XMLHttpRequest.prototype.open === 'function' &&","                    'browser';","            } catch (errorCaughtBrowser) {","                return module.exports &&","                    typeof process.versions.node === 'string' &&","                    typeof require('http').createServer === 'function' &&","                    'node';","            }","        }());","        // init global","        local.global = local.modeJs === 'browser'","            ? window","            : global;","        // init utility2_rollup","        local = local.global.utility2_rollup || (local.modeJs === 'browser'","            ? local.global.utility2_npmtest_date_fns","            : global.utility2_moduleExports);","        // export local","        local.global.local = local;","    }());","    switch (local.modeJs) {","","","","    // post-init","    // run browser js-env code - post-init","    /* istanbul ignore next */","    case 'browser':","        local.testRunBrowser = function (event) {","            if (!event || (event &&","                    event.currentTarget &&","                    event.currentTarget.className &&","                    event.currentTarget.className.includes &&","                    event.currentTarget.className.includes('onreset'))) {","                // reset output","                Array.from(","                    document.querySelectorAll('body > .resettable')","                ).forEach(function (element) {","                    switch (element.tagName) {","                    case 'INPUT':","                    case 'TEXTAREA':","                        element.value = '';","                        break;","                    default:","                        element.textContent = '';","                    }","                });","            }","            switch (event && event.currentTarget && event.currentTarget.id) {","            case 'testRunButton1':","                // show tests","                if (document.querySelector('#testReportDiv1').style.display === 'none') {","                    document.querySelector('#testReportDiv1').style.display = 'block';","                    document.querySelector('#testRunButton1').textContent =","                        'hide internal test';","                    local.modeTest = true;","                    local.testRunDefault(local);","                // hide tests","                } else {","                    document.querySelector('#testReportDiv1').style.display = 'none';","                    document.querySelector('#testRunButton1').textContent = 'run internal test';","                }","                break;","            // custom-case","            default:","                break;","            }","            if (document.querySelector('#inputTextareaEval1') && (!event || (event &&","                    event.currentTarget &&","                    event.currentTarget.className &&","                    event.currentTarget.className.includes &&","                    event.currentTarget.className.includes('oneval')))) {","                // try to eval input-code","                try {","                    /*jslint evil: true*/","                    eval(document.querySelector('#inputTextareaEval1').value);","                } catch (errorCaught) {","                    console.error(errorCaught);","                }","            }","        };","        // log stderr and stdout to #outputTextareaStdout1","        ['error', 'log'].forEach(function (key) {","            console[key + '_original'] = console[key];","            console[key] = function () {","                var element;","                console[key + '_original'].apply(console, arguments);","                element = document.querySelector('#outputTextareaStdout1');","                if (!element) {","                    return;","                }","                // append text to #outputTextareaStdout1","                element.value += Array.from(arguments).map(function (arg) {","                    return typeof arg === 'string'","                        ? arg","                        : JSON.stringify(arg, null, 4);","                }).join(' ') + '\\n';","                // scroll textarea to bottom","                element.scrollTop = element.scrollHeight;","            };","        });","        // init event-handling","        ['change', 'click', 'keyup'].forEach(function (event) {","            Array.from(document.querySelectorAll('.on' + event)).forEach(function (element) {","                element.addEventListener(event, local.testRunBrowser);","            });","        });","        // run tests","        local.testRunBrowser();","        break;","","","","    // run node js-env code - post-init","    /* istanbul ignore next */","    case 'node':","        // export local","        module.exports = local;","        // require modules","        local.fs = require('fs');","        local.http = require('http');","        local.url = require('url');","        // init assets","        local.assetsDict = local.assetsDict || {};","        /* jslint-ignore-begin */","        local.assetsDict['/assets.index.template.html'] = '\\","<!doctype html>\\n\\","<html lang=\"en\">\\n\\","<head>\\n\\","<meta charset=\"UTF-8\">\\n\\","<meta name=\"viewport\" content=\"width=device-width, initial-scale=1\">\\n\\","<title>{{env.npm_package_name}} (v{{env.npm_package_version}})</title>\\n\\","<style>\\n\\","/*csslint\\n\\","    box-sizing: false,\\n\\","    universal-selector: false\\n\\","*/\\n\\","* {\\n\\","    box-sizing: border-box;\\n\\","}\\n\\","body {\\n\\","    background: #dde;\\n\\","    font-family: Arial, Helvetica, sans-serif;\\n\\","    margin: 2rem;\\n\\","}\\n\\","body > * {\\n\\","    margin-bottom: 1rem;\\n\\","}\\n\\",".utility2FooterDiv {\\n\\","    margin-top: 20px;\\n\\","    text-align: center;\\n\\","}\\n\\","</style>\\n\\","<style>\\n\\","/*csslint\\n\\","*/\\n\\","textarea {\\n\\","    font-family: monospace;\\n\\","    height: 10rem;\\n\\","    width: 100%;\\n\\","}\\n\\","textarea[readonly] {\\n\\","    background: #ddd;\\n\\","}\\n\\","</style>\\n\\","</head>\\n\\","<body>\\n\\","<!-- utility2-comment\\n\\","<div id=\"ajaxProgressDiv1\" style=\"background: #d00; height: 2px; left: 0; margin: 0; padding: 0; position: fixed; top: 0; transition: background 0.5s, width 1.5s; width: 25%;\"></div>\\n\\","utility2-comment -->\\n\\","<h1>\\n\\","<!-- utility2-comment\\n\\","    <a\\n\\","        {{#if env.npm_package_homepage}}\\n\\","        href=\"{{env.npm_package_homepage}}\"\\n\\","        {{/if env.npm_package_homepage}}\\n\\","        target=\"_blank\"\\n\\","    >\\n\\","utility2-comment -->\\n\\","        {{env.npm_package_name}} (v{{env.npm_package_version}})\\n\\","<!-- utility2-comment\\n\\","    </a>\\n\\","utility2-comment -->\\n\\","</h1>\\n\\","<h3>{{env.npm_package_description}}</h3>\\n\\","<!-- utility2-comment\\n\\","<h4><a download href=\"assets.app.js\">download standalone app</a></h4>\\n\\","<button class=\"onclick onreset\" id=\"testRunButton1\">run internal test</button><br>\\n\\","<div id=\"testReportDiv1\" style=\"display: none;\"></div>\\n\\","utility2-comment -->\\n\\","\\n\\","\\n\\","\\n\\","<label>stderr and stdout</label>\\n\\","<textarea class=\"resettable\" id=\"outputTextareaStdout1\" readonly></textarea>\\n\\","<!-- utility2-comment\\n\\","{{#if isRollup}}\\n\\","<script src=\"assets.app.js\"></script>\\n\\","{{#unless isRollup}}\\n\\","utility2-comment -->\\n\\","<script src=\"assets.utility2.rollup.js\"></script>\\n\\","<script src=\"jsonp.utility2._stateInit?callback=window.utility2._stateInit\"></script>\\n\\","<script src=\"assets.npmtest_date_fns.rollup.js\"></script>\\n\\","<script src=\"assets.example.js\"></script>\\n\\","<script src=\"assets.test.js\"></script>\\n\\","<!-- utility2-comment\\n\\","{{/if isRollup}}\\n\\","utility2-comment -->\\n\\","<div class=\"utility2FooterDiv\">\\n\\","    [ this app was created with\\n\\","    <a href=\"https://github.com/kaizhu256/node-utility2\" target=\"_blank\">utility2</a>\\n\\","    ]\\n\\","</div>\\n\\","</body>\\n\\","</html>\\n\\","';","        /* jslint-ignore-end */","        if (local.templateRender) {","            local.assetsDict['/'] = local.templateRender(","                local.assetsDict['/assets.index.template.html'],","                {","                    env: local.objectSetDefault(local.env, {","                        npm_package_description: 'the greatest app in the world!',","                        npm_package_name: 'my-app',","                        npm_package_nameAlias: 'my_app',","                        npm_package_version: '0.0.1'","                    })","                }","            );","        } else {","            local.assetsDict['/'] = local.assetsDict['/assets.index.template.html']","                .replace((/\\{\\{env\\.(\\w+?)\\}\\}/g), function (match0, match1) {","                    // jslint-hack","                    String(match0);","                    switch (match1) {","                    case 'npm_package_description':","                        return 'the greatest app in the world!';","                    case 'npm_package_name':","                        return 'my-app';","                    case 'npm_package_nameAlias':","                        return 'my_app';","                    case 'npm_package_version':","                        return '0.0.1';","                    }","                });","        }","        // run the cli","        if (local.global.utility2_rollup || module !== require.main) {","            break;","        }","        local.assetsDict['/assets.example.js'] =","            local.assetsDict['/assets.example.js'] ||","            local.fs.readFileSync(__filename, 'utf8');","        // bug-workaround - long $npm_package_buildCustomOrg","        /* jslint-ignore-begin */","        local.assetsDict['/assets.npmtest_date_fns.rollup.js'] =","            local.assetsDict['/assets.npmtest_date_fns.rollup.js'] ||","            local.fs.readFileSync(","                local.npmtest_date_fns.__dirname + '/lib.npmtest_date_fns.js',","                'utf8'","            ).replace((/^#!/), '//');","        /* jslint-ignore-end */","        local.assetsDict['/favicon.ico'] = local.assetsDict['/favicon.ico'] || '';","        // if $npm_config_timeout_exit exists,","        // then exit this process after $npm_config_timeout_exit ms","        if (Number(process.env.npm_config_timeout_exit)) {","            setTimeout(process.exit, Number(process.env.npm_config_timeout_exit));","        }","        // start server","        if (local.global.utility2_serverHttp1) {","            break;","        }","        process.env.PORT = process.env.PORT || '8081';","        console.error('server starting on port ' + process.env.PORT);","        local.http.createServer(function (request, response) {","            request.urlParsed = local.url.parse(request.url);","            if (local.assetsDict[request.urlParsed.pathname] !== undefined) {","                response.end(local.assetsDict[request.urlParsed.pathname]);","                return;","            }","            response.statusCode = 404;","            response.end();","        }).listen(process.env.PORT);","        break;","    }","}());",""],"l":{"26":2,"28":2,"33":2,"35":2,"37":2,"38":2,"39":2,"44":1,"51":2,"55":2,"59":2,"61":2,"69":1,"70":2,"76":2,"79":2,"82":2,"83":2,"85":1,"89":2,"92":1,"93":1,"94":1,"96":1,"97":1,"100":1,"101":1,"103":1,"106":1,"108":2,"114":1,"116":1,"118":1,"123":1,"124":2,"125":2,"126":3,"127":3,"128":3,"129":3,"130":1,"133":3,"134":3,"139":3,"143":1,"144":3,"145":1,"149":1,"150":1,"158":1,"160":1,"161":1,"162":1,"164":1,"166":1,"258":1,"259":1,"271":1,"274":6,"275":6,"277":1,"279":2,"281":1,"283":2,"288":1,"289":1,"291":1,"296":1,"303":1,"306":1,"307":1,"310":1,"311":1,"313":1,"314":1,"315":1,"316":1,"317":1,"318":1,"319":1,"321":1,"322":1,"324":1}},"/home/travis/build/npmtest/node-npmtest-date-fns/node_modules/date-fns/index.js":{"path":"/home/travis/build/npmtest/node-npmtest-date-fns/node_modules/date-fns/index.js","s":{"1":1},"b":{},"f":{},"fnMap":{},"statementMap":{"1":{"start":{"line":1,"column":0},"end":{"line":156,"column":1}}},"branchMap":{},"code":["module.exports = {","  addDays: require('./add_days/index.js'),","  addHours: require('./add_hours/index.js'),","  addISOYears: require('./add_iso_years/index.js'),","  addMilliseconds: require('./add_milliseconds/index.js'),","  addMinutes: require('./add_minutes/index.js'),","  addMonths: require('./add_months/index.js'),","  addQuarters: require('./add_quarters/index.js'),","  addSeconds: require('./add_seconds/index.js'),","  addWeeks: require('./add_weeks/index.js'),","  addYears: require('./add_years/index.js'),","  areRangesOverlapping: require('./are_ranges_overlapping/index.js'),","  closestIndexTo: require('./closest_index_to/index.js'),","  closestTo: require('./closest_to/index.js'),","  compareAsc: require('./compare_asc/index.js'),","  compareDesc: require('./compare_desc/index.js'),","  differenceInCalendarDays: require('./difference_in_calendar_days/index.js'),","  differenceInCalendarISOWeeks: require('./difference_in_calendar_iso_weeks/index.js'),","  differenceInCalendarISOYears: require('./difference_in_calendar_iso_years/index.js'),","  differenceInCalendarMonths: require('./difference_in_calendar_months/index.js'),","  differenceInCalendarQuarters: require('./difference_in_calendar_quarters/index.js'),","  differenceInCalendarWeeks: require('./difference_in_calendar_weeks/index.js'),","  differenceInCalendarYears: require('./difference_in_calendar_years/index.js'),","  differenceInDays: require('./difference_in_days/index.js'),","  differenceInHours: require('./difference_in_hours/index.js'),","  differenceInISOYears: require('./difference_in_iso_years/index.js'),","  differenceInMilliseconds: require('./difference_in_milliseconds/index.js'),","  differenceInMinutes: require('./difference_in_minutes/index.js'),","  differenceInMonths: require('./difference_in_months/index.js'),","  differenceInQuarters: require('./difference_in_quarters/index.js'),","  differenceInSeconds: require('./difference_in_seconds/index.js'),","  differenceInWeeks: require('./difference_in_weeks/index.js'),","  differenceInYears: require('./difference_in_years/index.js'),","  distanceInWords: require('./distance_in_words/index.js'),","  distanceInWordsStrict: require('./distance_in_words_strict/index.js'),","  distanceInWordsToNow: require('./distance_in_words_to_now/index.js'),","  eachDay: require('./each_day/index.js'),","  endOfDay: require('./end_of_day/index.js'),","  endOfHour: require('./end_of_hour/index.js'),","  endOfISOWeek: require('./end_of_iso_week/index.js'),","  endOfISOYear: require('./end_of_iso_year/index.js'),","  endOfMinute: require('./end_of_minute/index.js'),","  endOfMonth: require('./end_of_month/index.js'),","  endOfQuarter: require('./end_of_quarter/index.js'),","  endOfSecond: require('./end_of_second/index.js'),","  endOfToday: require('./end_of_today/index.js'),","  endOfTomorrow: require('./end_of_tomorrow/index.js'),","  endOfWeek: require('./end_of_week/index.js'),","  endOfYear: require('./end_of_year/index.js'),","  endOfYesterday: require('./end_of_yesterday/index.js'),","  format: require('./format/index.js'),","  getDate: require('./get_date/index.js'),","  getDay: require('./get_day/index.js'),","  getDayOfYear: require('./get_day_of_year/index.js'),","  getDaysInMonth: require('./get_days_in_month/index.js'),","  getDaysInYear: require('./get_days_in_year/index.js'),","  getHours: require('./get_hours/index.js'),","  getISODay: require('./get_iso_day/index.js'),","  getISOWeek: require('./get_iso_week/index.js'),","  getISOWeeksInYear: require('./get_iso_weeks_in_year/index.js'),","  getISOYear: require('./get_iso_year/index.js'),","  getMilliseconds: require('./get_milliseconds/index.js'),","  getMinutes: require('./get_minutes/index.js'),","  getMonth: require('./get_month/index.js'),","  getOverlappingDaysInRanges: require('./get_overlapping_days_in_ranges/index.js'),","  getQuarter: require('./get_quarter/index.js'),","  getSeconds: require('./get_seconds/index.js'),","  getTime: require('./get_time/index.js'),","  getYear: require('./get_year/index.js'),","  isAfter: require('./is_after/index.js'),","  isBefore: require('./is_before/index.js'),","  isDate: require('./is_date/index.js'),","  isEqual: require('./is_equal/index.js'),","  isFirstDayOfMonth: require('./is_first_day_of_month/index.js'),","  isFriday: require('./is_friday/index.js'),","  isFuture: require('./is_future/index.js'),","  isLastDayOfMonth: require('./is_last_day_of_month/index.js'),","  isLeapYear: require('./is_leap_year/index.js'),","  isMonday: require('./is_monday/index.js'),","  isPast: require('./is_past/index.js'),","  isSameDay: require('./is_same_day/index.js'),","  isSameHour: require('./is_same_hour/index.js'),","  isSameISOWeek: require('./is_same_iso_week/index.js'),","  isSameISOYear: require('./is_same_iso_year/index.js'),","  isSameMinute: require('./is_same_minute/index.js'),","  isSameMonth: require('./is_same_month/index.js'),","  isSameQuarter: require('./is_same_quarter/index.js'),","  isSameSecond: require('./is_same_second/index.js'),","  isSameWeek: require('./is_same_week/index.js'),","  isSameYear: require('./is_same_year/index.js'),","  isSaturday: require('./is_saturday/index.js'),","  isSunday: require('./is_sunday/index.js'),","  isThisHour: require('./is_this_hour/index.js'),","  isThisISOWeek: require('./is_this_iso_week/index.js'),","  isThisISOYear: require('./is_this_iso_year/index.js'),","  isThisMinute: require('./is_this_minute/index.js'),","  isThisMonth: require('./is_this_month/index.js'),","  isThisQuarter: require('./is_this_quarter/index.js'),","  isThisSecond: require('./is_this_second/index.js'),","  isThisWeek: require('./is_this_week/index.js'),","  isThisYear: require('./is_this_year/index.js'),","  isThursday: require('./is_thursday/index.js'),","  isToday: require('./is_today/index.js'),","  isTomorrow: require('./is_tomorrow/index.js'),","  isTuesday: require('./is_tuesday/index.js'),","  isValid: require('./is_valid/index.js'),","  isWednesday: require('./is_wednesday/index.js'),","  isWeekend: require('./is_weekend/index.js'),","  isWithinRange: require('./is_within_range/index.js'),","  isYesterday: require('./is_yesterday/index.js'),","  lastDayOfISOWeek: require('./last_day_of_iso_week/index.js'),","  lastDayOfISOYear: require('./last_day_of_iso_year/index.js'),","  lastDayOfMonth: require('./last_day_of_month/index.js'),","  lastDayOfQuarter: require('./last_day_of_quarter/index.js'),","  lastDayOfWeek: require('./last_day_of_week/index.js'),","  lastDayOfYear: require('./last_day_of_year/index.js'),","  max: require('./max/index.js'),","  min: require('./min/index.js'),","  parse: require('./parse/index.js'),","  setDate: require('./set_date/index.js'),","  setDay: require('./set_day/index.js'),","  setDayOfYear: require('./set_day_of_year/index.js'),","  setHours: require('./set_hours/index.js'),","  setISODay: require('./set_iso_day/index.js'),","  setISOWeek: require('./set_iso_week/index.js'),","  setISOYear: require('./set_iso_year/index.js'),","  setMilliseconds: require('./set_milliseconds/index.js'),","  setMinutes: require('./set_minutes/index.js'),","  setMonth: require('./set_month/index.js'),","  setQuarter: require('./set_quarter/index.js'),","  setSeconds: require('./set_seconds/index.js'),","  setYear: require('./set_year/index.js'),","  startOfDay: require('./start_of_day/index.js'),","  startOfHour: require('./start_of_hour/index.js'),","  startOfISOWeek: require('./start_of_iso_week/index.js'),","  startOfISOYear: require('./start_of_iso_year/index.js'),","  startOfMinute: require('./start_of_minute/index.js'),","  startOfMonth: require('./start_of_month/index.js'),","  startOfQuarter: require('./start_of_quarter/index.js'),","  startOfSecond: require('./start_of_second/index.js'),","  startOfToday: require('./start_of_today/index.js'),","  startOfTomorrow: require('./start_of_tomorrow/index.js'),","  startOfWeek: require('./start_of_week/index.js'),","  startOfYear: require('./start_of_year/index.js'),","  startOfYesterday: require('./start_of_yesterday/index.js'),","  subDays: require('./sub_days/index.js'),","  subHours: require('./sub_hours/index.js'),","  subISOYears: require('./sub_iso_years/index.js'),","  subMilliseconds: require('./sub_milliseconds/index.js'),","  subMinutes: require('./sub_minutes/index.js'),","  subMonths: require('./sub_months/index.js'),","  subQuarters: require('./sub_quarters/index.js'),","  subSeconds: require('./sub_seconds/index.js'),","  subWeeks: require('./sub_weeks/index.js'),","  subYears: require('./sub_years/index.js')","}",""],"l":{"1":1}},"/home/travis/build/npmtest/node-npmtest-date-fns/node_modules/date-fns/add_days/index.js":{"path":"/home/travis/build/npmtest/node-npmtest-date-fns/node_modules/date-fns/add_days/index.js","s":{"1":1,"2":1,"3":0,"4":0,"5":0,"6":0,"7":1},"b":{},"f":{"1":0},"fnMap":{"1":{"name":"addDays","line":19,"loc":{"start":{"line":19,"column":0},"end":{"line":19,"column":42}}}},"statementMap":{"1":{"start":{"line":1,"column":0},"end":{"line":1,"column":40}},"2":{"start":{"line":19,"column":0},"end":{"line":24,"column":1}},"3":{"start":{"line":20,"column":2},"end":{"line":20,"column":29}},"4":{"start":{"line":21,"column":2},"end":{"line":21,"column":34}},"5":{"start":{"line":22,"column":2},"end":{"line":22,"column":39}},"6":{"start":{"line":23,"column":2},"end":{"line":23,"column":13}},"7":{"start":{"line":26,"column":0},"end":{"line":26,"column":24}}},"branchMap":{},"code":["var parse = require('../parse/index.js')","","/**"," * @category Day Helpers"," * @summary Add the specified number of days to the given date."," *"," * @description"," * Add the specified number of days to the given date."," *"," * @param {Date|String|Number} date - the date to be changed"," * @param {Number} amount - the amount of days to be added"," * @returns {Date} the new date with the days added"," *"," * @example"," * // Add 10 days to 1 September 2014:"," * var result = addDays(new Date(2014, 8, 1), 10)"," * //=> Thu Sep 11 2014 00:00:00"," */","function addDays (dirtyDate, dirtyAmount) {","  var date = parse(dirtyDate)","  var amount = Number(dirtyAmount)","  date.setDate(date.getDate() + amount)","  return date","}","","module.exports = addDays",""],"l":{"1":1,"19":1,"20":0,"21":0,"22":0,"23":0,"26":1}},"/home/travis/build/npmtest/node-npmtest-date-fns/node_modules/date-fns/parse/index.js":{"path":"/home/travis/build/npmtest/node-npmtest-date-fns/node_modules/date-fns/parse/index.js","s":{"1":1,"2":1,"3":1,"4":1,"5":1,"6":1,"7":1,"8":1,"9":1,"10":1,"11":1,"12":1,"13":1,"14":1,"15":1,"16":1,"17":1,"18":1,"19":1,"20":1,"21":1,"22":1,"23":1,"24":0,"25":0,"26":0,"27":0,"28":0,"29":0,"30":0,"31":0,"32":0,"33":0,"34":0,"35":0,"36":0,"37":0,"38":0,"39":0,"40":0,"41":0,"42":0,"43":0,"44":0,"45":0,"46":0,"47":0,"48":0,"49":0,"50":1,"51":0,"52":0,"53":0,"54":0,"55":0,"56":0,"57":0,"58":0,"59":0,"60":0,"61":0,"62":0,"63":0,"64":0,"65":0,"66":1,"67":0,"68":0,"69":0,"70":0,"71":0,"72":0,"73":0,"74":0,"75":0,"76":0,"77":0,"78":0,"79":1,"80":0,"81":0,"82":0,"83":0,"84":0,"85":0,"86":0,"87":0,"88":0,"89":0,"90":0,"91":0,"92":0,"93":0,"94":0,"95":0,"96":0,"97":0,"98":0,"99":0,"100":0,"101":0,"102":0,"103":0,"104":0,"105":0,"106":0,"107":0,"108":0,"109":0,"110":0,"111":0,"112":0,"113":0,"114":0,"115":0,"116":0,"117":0,"118":0,"119":1,"120":0,"121":0,"122":0,"123":0,"124":0,"125":0,"126":0,"127":0,"128":0,"129":0,"130":0,"131":0,"132":0,"133":0,"134":0,"135":0,"136":0,"137":0,"138":0,"139":1,"140":0,"141":0,"142":0,"143":0,"144":0,"145":0,"146":0,"147":0,"148":0,"149":0,"150":0,"151":0,"152":0,"153":0,"154":1,"155":0,"156":0,"157":0,"158":0,"159":0,"160":0,"161":0,"162":0,"163":1},"b":{"1":[0,0],"2":[0,0],"3":[0,0],"4":[0,0],"5":[0,0],"6":[0,0],"7":[0,0],"8":[0,0],"9":[0,0],"10":[0,0],"11":[0,0],"12":[0,0],"13":[0,0],"14":[0,0],"15":[0,0],"16":[0,0],"17":[0,0],"18":[0,0],"19":[0,0],"20":[0,0],"21":[0,0],"22":[0,0],"23":[0,0],"24":[0,0],"25":[0,0],"26":[0,0],"27":[0,0],"28":[0,0],"29":[0,0],"30":[0,0],"31":[0,0],"32":[0,0]},"f":{"1":0,"2":0,"3":0,"4":0,"5":0,"6":0,"7":0},"fnMap":{"1":{"name":"parse","line":76,"loc":{"start":{"line":76,"column":0},"end":{"line":76,"column":40}}},"2":{"name":"splitDateString","line":123,"loc":{"start":{"line":123,"column":0},"end":{"line":123,"column":38}}},"3":{"name":"parseYear","line":149,"loc":{"start":{"line":149,"column":0},"end":{"line":149,"column":50}}},"4":{"name":"parseDate","line":181,"loc":{"start":{"line":181,"column":0},"end":{"line":181,"column":38}}},"5":{"name":"parseTime","line":246,"loc":{"start":{"line":246,"column":0},"end":{"line":246,"column":32}}},"6":{"name":"parseTimezone","line":282,"loc":{"start":{"line":282,"column":0},"end":{"line":282,"column":40}}},"7":{"name":"dayOfISOYear","line":309,"loc":{"start":{"line":309,"column":0},"end":{"line":309,"column":43}}}},"statementMap":{"1":{"start":{"line":1,"column":0},"end":{"line":1,"column":43}},"2":{"start":{"line":3,"column":0},"end":{"line":3,"column":34}},"3":{"start":{"line":4,"column":0},"end":{"line":4,"column":34}},"4":{"start":{"line":5,"column":0},"end":{"line":5,"column":33}},"5":{"start":{"line":7,"column":0},"end":{"line":7,"column":40}},"6":{"start":{"line":8,"column":0},"end":{"line":8,"column":29}},"7":{"start":{"line":11,"column":0},"end":{"line":11,"column":30}},"8":{"start":{"line":12,"column":0},"end":{"line":16,"column":1}},"9":{"start":{"line":18,"column":0},"end":{"line":18,"column":31}},"10":{"start":{"line":19,"column":0},"end":{"line":23,"column":1}},"11":{"start":{"line":26,"column":0},"end":{"line":26,"column":31}},"12":{"start":{"line":27,"column":0},"end":{"line":27,"column":33}},"13":{"start":{"line":28,"column":0},"end":{"line":28,"column":43}},"14":{"start":{"line":29,"column":0},"end":{"line":29,"column":34}},"15":{"start":{"line":30,"column":0},"end":{"line":30,"column":44}},"16":{"start":{"line":33,"column":0},"end":{"line":33,"column":40}},"17":{"start":{"line":34,"column":0},"end":{"line":34,"column":51}},"18":{"start":{"line":35,"column":0},"end":{"line":35,"column":62}},"19":{"start":{"line":38,"column":0},"end":{"line":38,"column":37}},"20":{"start":{"line":39,"column":0},"end":{"line":39,"column":33}},"21":{"start":{"line":40,"column":0},"end":{"line":40,"column":44}},"22":{"start":{"line":41,"column":0},"end":{"line":41,"column":55}},"23":{"start":{"line":76,"column":0},"end":{"line":121,"column":1}},"24":{"start":{"line":77,"column":2},"end":{"line":82,"column":3}},"25":{"start":{"line":79,"column":4},"end":{"line":79,"column":39}},"26":{"start":{"line":80,"column":9},"end":{"line":82,"column":3}},"27":{"start":{"line":81,"column":4},"end":{"line":81,"column":29}},"28":{"start":{"line":84,"column":2},"end":{"line":84,"column":34}},"29":{"start":{"line":85,"column":2},"end":{"line":85,"column":49}},"30":{"start":{"line":86,"column":2},"end":{"line":90,"column":3}},"31":{"start":{"line":87,"column":4},"end":{"line":87,"column":48}},"32":{"start":{"line":89,"column":4},"end":{"line":89,"column":47}},"33":{"start":{"line":92,"column":2},"end":{"line":92,"column":45}},"34":{"start":{"line":94,"column":2},"end":{"line":94,"column":69}},"35":{"start":{"line":95,"column":2},"end":{"line":95,"column":33}},"36":{"start":{"line":96,"column":2},"end":{"line":96,"column":53}},"37":{"start":{"line":98,"column":2},"end":{"line":98,"column":44}},"38":{"start":{"line":100,"column":2},"end":{"line":120,"column":3}},"39":{"start":{"line":101,"column":4},"end":{"line":101,"column":34}},"40":{"start":{"line":102,"column":4},"end":{"line":102,"column":16}},"41":{"start":{"line":103,"column":4},"end":{"line":103,"column":14}},"42":{"start":{"line":105,"column":4},"end":{"line":107,"column":5}},"43":{"start":{"line":106,"column":6},"end":{"line":106,"column":40}},"44":{"start":{"line":109,"column":4},"end":{"line":115,"column":5}},"45":{"start":{"line":110,"column":6},"end":{"line":110,"column":50}},"46":{"start":{"line":113,"column":6},"end":{"line":113,"column":61}},"47":{"start":{"line":114,"column":6},"end":{"line":114,"column":95}},"48":{"start":{"line":117,"column":4},"end":{"line":117,"column":71}},"49":{"start":{"line":119,"column":4},"end":{"line":119,"column":29}},"50":{"start":{"line":123,"column":0},"end":{"line":147,"column":1}},"51":{"start":{"line":124,"column":2},"end":{"line":124,"column":22}},"52":{"start":{"line":125,"column":2},"end":{"line":125,"column":59}},"53":{"start":{"line":126,"column":2},"end":{"line":126,"column":16}},"54":{"start":{"line":128,"column":2},"end":{"line":134,"column":3}},"55":{"start":{"line":129,"column":4},"end":{"line":129,"column":27}},"56":{"start":{"line":130,"column":4},"end":{"line":130,"column":25}},"57":{"start":{"line":132,"column":4},"end":{"line":132,"column":31}},"58":{"start":{"line":133,"column":4},"end":{"line":133,"column":25}},"59":{"start":{"line":136,"column":2},"end":{"line":144,"column":3}},"60":{"start":{"line":137,"column":4},"end":{"line":137,"column":51}},"61":{"start":{"line":138,"column":4},"end":{"line":143,"column":5}},"62":{"start":{"line":139,"column":6},"end":{"line":139,"column":57}},"63":{"start":{"line":140,"column":6},"end":{"line":140,"column":37}},"64":{"start":{"line":142,"column":6},"end":{"line":142,"column":35}},"65":{"start":{"line":146,"column":2},"end":{"line":146,"column":20}},"66":{"start":{"line":149,"column":0},"end":{"line":179,"column":1}},"67":{"start":{"line":150,"column":2},"end":{"line":150,"column":54}},"68":{"start":{"line":151,"column":2},"end":{"line":151,"column":58}},"69":{"start":{"line":153,"column":2},"end":{"line":153,"column":11}},"70":{"start":{"line":156,"column":2},"end":{"line":156,"column":77}},"71":{"start":{"line":157,"column":2},"end":{"line":163,"column":3}},"72":{"start":{"line":158,"column":4},"end":{"line":158,"column":29}},"73":{"start":{"line":159,"column":4},"end":{"line":162,"column":5}},"74":{"start":{"line":166,"column":2},"end":{"line":166,"column":73}},"75":{"start":{"line":167,"column":2},"end":{"line":173,"column":3}},"76":{"start":{"line":168,"column":4},"end":{"line":168,"column":32}},"77":{"start":{"line":169,"column":4},"end":{"line":172,"column":5}},"78":{"start":{"line":176,"column":2},"end":{"line":178,"column":3}},"79":{"start":{"line":181,"column":0},"end":{"line":244,"column":1}},"80":{"start":{"line":183,"column":2},"end":{"line":185,"column":3}},"81":{"start":{"line":184,"column":4},"end":{"line":184,"column":15}},"82":{"start":{"line":187,"column":2},"end":{"line":187,"column":11}},"83":{"start":{"line":188,"column":2},"end":{"line":188,"column":10}},"84":{"start":{"line":189,"column":2},"end":{"line":189,"column":11}},"85":{"start":{"line":190,"column":2},"end":{"line":190,"column":10}},"86":{"start":{"line":193,"column":2},"end":{"line":197,"column":3}},"87":{"start":{"line":194,"column":4},"end":{"line":194,"column":22}},"88":{"start":{"line":195,"column":4},"end":{"line":195,"column":29}},"89":{"start":{"line":196,"column":4},"end":{"line":196,"column":15}},"90":{"start":{"line":200,"column":2},"end":{"line":200,"column":39}},"91":{"start":{"line":201,"column":2},"end":{"line":206,"column":3}},"92":{"start":{"line":202,"column":4},"end":{"line":202,"column":22}},"93":{"start":{"line":203,"column":4},"end":{"line":203,"column":38}},"94":{"start":{"line":204,"column":4},"end":{"line":204,"column":36}},"95":{"start":{"line":205,"column":4},"end":{"line":205,"column":15}},"96":{"start":{"line":209,"column":2},"end":{"line":209,"column":40}},"97":{"start":{"line":210,"column":2},"end":{"line":215,"column":3}},"98":{"start":{"line":211,"column":4},"end":{"line":211,"column":22}},"99":{"start":{"line":212,"column":4},"end":{"line":212,"column":42}},"100":{"start":{"line":213,"column":4},"end":{"line":213,"column":43}},"101":{"start":{"line":214,"column":4},"end":{"line":214,"column":15}},"102":{"start":{"line":218,"column":2},"end":{"line":218,"column":41}},"103":{"start":{"line":219,"column":2},"end":{"line":225,"column":3}},"104":{"start":{"line":220,"column":4},"end":{"line":220,"column":22}},"105":{"start":{"line":221,"column":4},"end":{"line":221,"column":38}},"106":{"start":{"line":222,"column":4},"end":{"line":222,"column":36}},"107":{"start":{"line":223,"column":4},"end":{"line":223,"column":41}},"108":{"start":{"line":224,"column":4},"end":{"line":224,"column":15}},"109":{"start":{"line":228,"column":2},"end":{"line":228,"column":40}},"110":{"start":{"line":229,"column":2},"end":{"line":232,"column":3}},"111":{"start":{"line":230,"column":4},"end":{"line":230,"column":37}},"112":{"start":{"line":231,"column":4},"end":{"line":231,"column":35}},"113":{"start":{"line":235,"column":2},"end":{"line":235,"column":41}},"114":{"start":{"line":236,"column":2},"end":{"line":240,"column":3}},"115":{"start":{"line":237,"column":4},"end":{"line":237,"column":37}},"116":{"start":{"line":238,"column":4},"end":{"line":238,"column":46}},"117":{"start":{"line":239,"column":4},"end":{"line":239,"column":46}},"118":{"start":{"line":243,"column":2},"end":{"line":243,"column":13}},"119":{"start":{"line":246,"column":0},"end":{"line":280,"column":1}},"120":{"start":{"line":247,"column":2},"end":{"line":247,"column":11}},"121":{"start":{"line":248,"column":2},"end":{"line":248,"column":11}},"122":{"start":{"line":249,"column":2},"end":{"line":249,"column":13}},"123":{"start":{"line":252,"column":2},"end":{"line":252,"column":39}},"124":{"start":{"line":253,"column":2},"end":{"line":256,"column":3}},"125":{"start":{"line":254,"column":4},"end":{"line":254,"column":50}},"126":{"start":{"line":255,"column":4},"end":{"line":255,"column":46}},"127":{"start":{"line":259,"column":2},"end":{"line":259,"column":41}},"128":{"start":{"line":260,"column":2},"end":{"line":265,"column":3}},"129":{"start":{"line":261,"column":4},"end":{"line":261,"column":34}},"130":{"start":{"line":262,"column":4},"end":{"line":262,"column":52}},"131":{"start":{"line":263,"column":4},"end":{"line":264,"column":38}},"132":{"start":{"line":268,"column":2},"end":{"line":268,"column":43}},"133":{"start":{"line":269,"column":2},"end":{"line":276,"column":3}},"134":{"start":{"line":270,"column":4},"end":{"line":270,"column":34}},"135":{"start":{"line":271,"column":4},"end":{"line":271,"column":36}},"136":{"start":{"line":272,"column":4},"end":{"line":272,"column":56}},"137":{"start":{"line":273,"column":4},"end":{"line":275,"column":20}},"138":{"start":{"line":279,"column":2},"end":{"line":279,"column":13}},"139":{"start":{"line":282,"column":0},"end":{"line":307,"column":1}},"140":{"start":{"line":283,"column":2},"end":{"line":283,"column":11}},"141":{"start":{"line":284,"column":2},"end":{"line":284,"column":20}},"142":{"start":{"line":287,"column":2},"end":{"line":287,"column":50}},"143":{"start":{"line":288,"column":2},"end":{"line":290,"column":3}},"144":{"start":{"line":289,"column":4},"end":{"line":289,"column":12}},"145":{"start":{"line":293,"column":2},"end":{"line":293,"column":51}},"146":{"start":{"line":294,"column":2},"end":{"line":297,"column":3}},"147":{"start":{"line":295,"column":4},"end":{"line":295,"column":48}},"148":{"start":{"line":296,"column":4},"end":{"line":296,"column":64}},"149":{"start":{"line":300,"column":2},"end":{"line":300,"column":53}},"150":{"start":{"line":301,"column":2},"end":{"line":304,"column":3}},"151":{"start":{"line":302,"column":4},"end":{"line":302,"column":73}},"152":{"start":{"line":303,"column":4},"end":{"line":303,"column":64}},"153":{"start":{"line":306,"column":2},"end":{"line":306,"column":10}},"154":{"start":{"line":309,"column":0},"end":{"line":318,"column":1}},"155":{"start":{"line":310,"column":2},"end":{"line":310,"column":18}},"156":{"start":{"line":311,"column":2},"end":{"line":311,"column":16}},"157":{"start":{"line":312,"column":2},"end":{"line":312,"column":24}},"158":{"start":{"line":313,"column":2},"end":{"line":313,"column":36}},"159":{"start":{"line":314,"column":2},"end":{"line":314,"column":48}},"160":{"start":{"line":315,"column":2},"end":{"line":315,"column":52}},"161":{"start":{"line":316,"column":2},"end":{"line":316,"column":43}},"162":{"start":{"line":317,"column":2},"end":{"line":317,"column":13}},"163":{"start":{"line":320,"column":0},"end":{"line":320,"column":22}}},"branchMap":{"1":{"line":77,"type":"if","locations":[{"start":{"line":77,"column":2},"end":{"line":77,"column":2}},{"start":{"line":77,"column":2},"end":{"line":77,"column":2}}]},"2":{"line":80,"type":"if","locations":[{"start":{"line":80,"column":9},"end":{"line":80,"column":9}},{"start":{"line":80,"column":9},"end":{"line":80,"column":9}}]},"3":{"line":84,"type":"binary-expr","locations":[{"start":{"line":84,"column":16},"end":{"line":84,"column":28}},{"start":{"line":84,"column":32},"end":{"line":84,"column":34}}]},"4":{"line":86,"type":"if","locations":[{"start":{"line":86,"column":2},"end":{"line":86,"column":2}},{"start":{"line":86,"column":2},"end":{"line":86,"column":2}}]},"5":{"line":100,"type":"if","locations":[{"start":{"line":100,"column":2},"end":{"line":100,"column":2}},{"start":{"line":100,"column":2},"end":{"line":100,"column":2}}]},"6":{"line":105,"type":"if","locations":[{"start":{"line":105,"column":4},"end":{"line":105,"column":4}},{"start":{"line":105,"column":4},"end":{"line":105,"column":4}}]},"7":{"line":109,"type":"if","locations":[{"start":{"line":109,"column":4},"end":{"line":109,"column":4}},{"start":{"line":109,"column":4},"end":{"line":109,"column":4}}]},"8":{"line":128,"type":"if","locations":[{"start":{"line":128,"column":2},"end":{"line":128,"column":2}},{"start":{"line":128,"column":2},"end":{"line":128,"column":2}}]},"9":{"line":136,"type":"if","locations":[{"start":{"line":136,"column":2},"end":{"line":136,"column":2}},{"start":{"line":136,"column":2},"end":{"line":136,"column":2}}]},"10":{"line":138,"type":"if","locations":[{"start":{"line":138,"column":4},"end":{"line":138,"column":4}},{"start":{"line":138,"column":4},"end":{"line":138,"column":4}}]},"11":{"line":156,"type":"binary-expr","locations":[{"start":{"line":156,"column":10},"end":{"line":156,"column":41}},{"start":{"line":156,"column":45},"end":{"line":156,"column":77}}]},"12":{"line":157,"type":"if","locations":[{"start":{"line":157,"column":2},"end":{"line":157,"column":2}},{"start":{"line":157,"column":2},"end":{"line":157,"column":2}}]},"13":{"line":166,"type":"binary-expr","locations":[{"start":{"line":166,"column":10},"end":{"line":166,"column":39}},{"start":{"line":166,"column":43},"end":{"line":166,"column":73}}]},"14":{"line":167,"type":"if","locations":[{"start":{"line":167,"column":2},"end":{"line":167,"column":2}},{"start":{"line":167,"column":2},"end":{"line":167,"column":2}}]},"15":{"line":183,"type":"if","locations":[{"start":{"line":183,"column":2},"end":{"line":183,"column":2}},{"start":{"line":183,"column":2},"end":{"line":183,"column":2}}]},"16":{"line":193,"type":"if","locations":[{"start":{"line":193,"column":2},"end":{"line":193,"column":2}},{"start":{"line":193,"column":2},"end":{"line":193,"column":2}}]},"17":{"line":201,"type":"if","locations":[{"start":{"line":201,"column":2},"end":{"line":201,"column":2}},{"start":{"line":201,"column":2},"end":{"line":201,"column":2}}]},"18":{"line":210,"type":"if","locations":[{"start":{"line":210,"column":2},"end":{"line":210,"column":2}},{"start":{"line":210,"column":2},"end":{"line":210,"column":2}}]},"19":{"line":219,"type":"if","locations":[{"start":{"line":219,"column":2},"end":{"line":219,"column":2}},{"start":{"line":219,"column":2},"end":{"line":219,"column":2}}]},"20":{"line":229,"type":"if","locations":[{"start":{"line":229,"column":2},"end":{"line":229,"column":2}},{"start":{"line":229,"column":2},"end":{"line":229,"column":2}}]},"21":{"line":236,"type":"if","locations":[{"start":{"line":236,"column":2},"end":{"line":236,"column":2}},{"start":{"line":236,"column":2},"end":{"line":236,"column":2}}]},"22":{"line":253,"type":"if","locations":[{"start":{"line":253,"column":2},"end":{"line":253,"column":2}},{"start":{"line":253,"column":2},"end":{"line":253,"column":2}}]},"23":{"line":260,"type":"if","locations":[{"start":{"line":260,"column":2},"end":{"line":260,"column":2}},{"start":{"line":260,"column":2},"end":{"line":260,"column":2}}]},"24":{"line":269,"type":"if","locations":[{"start":{"line":269,"column":2},"end":{"line":269,"column":2}},{"start":{"line":269,"column":2},"end":{"line":269,"column":2}}]},"25":{"line":288,"type":"if","locations":[{"start":{"line":288,"column":2},"end":{"line":288,"column":2}},{"start":{"line":288,"column":2},"end":{"line":288,"column":2}}]},"26":{"line":294,"type":"if","locations":[{"start":{"line":294,"column":2},"end":{"line":294,"column":2}},{"start":{"line":294,"column":2},"end":{"line":294,"column":2}}]},"27":{"line":296,"type":"cond-expr","locations":[{"start":{"line":296,"column":32},"end":{"line":296,"column":47}},{"start":{"line":296,"column":50},"end":{"line":296,"column":64}}]},"28":{"line":301,"type":"if","locations":[{"start":{"line":301,"column":2},"end":{"line":301,"column":2}},{"start":{"line":301,"column":2},"end":{"line":301,"column":2}}]},"29":{"line":303,"type":"cond-expr","locations":[{"start":{"line":303,"column":32},"end":{"line":303,"column":47}},{"start":{"line":303,"column":50},"end":{"line":303,"column":64}}]},"30":{"line":310,"type":"binary-expr","locations":[{"start":{"line":310,"column":9},"end":{"line":310,"column":13}},{"start":{"line":310,"column":17},"end":{"line":310,"column":18}}]},"31":{"line":311,"type":"binary-expr","locations":[{"start":{"line":311,"column":8},"end":{"line":311,"column":11}},{"start":{"line":311,"column":15},"end":{"line":311,"column":16}}]},"32":{"line":314,"type
[...]
"line":22,"column":2},"end":{"line":22,"column":27}},"6":{"start":{"line":23,"column":2},"end":{"line":23,"column":13}},"7":{"start":{"line":26,"column":0},"end":{"line":26,"column":29}}},"branchMap":{},"code":["var parse = require('../parse/index.js')","","/**"," * @category Month Helpers"," * @summary Return the start of a month for the given date."," *"," * @description"," * Return the start of a month for the given date."," * The result will be in the local timezone."," *"," * @param {Date|String|Number} date - the original date"," * @returns {Date} the start of a month"," *"," * @example"," * // The start of a month for 2 September 2014 11:55:00:"," * var result = startOfMonth(new Date(2014, 8, 2, 11, 55, 0))"," * //=> Mon Sep 01 2014 00:00:00"," */","function startOfMonth (dirtyDate) {","  var date = parse(dirtyDate)","  date.setDate(1)","  date.setHours(0, 0, 0, 0)","  return date","}","","module.exports = startOfMonth",""],"l":{"1":1,"19":1,"20":0,"21":0,"22":0,"23":0,"26":1}},"/home/travis/build/npmtest/node-npmtest-date-fns/node_modules/date-fns/start_of_today/index.js":{"path":"/home/travis/build/npmtest/node-npmtest-date-fns/node_modules/date-fns/start_of_today/index.js","s":{"1":1,"2":1,"3":0,"4":1},"b":{},"f":{"1":0},"fnMap":{"1":{"name":"startOfToday","line":17,"loc":{"start":{"line":17,"column":0},"end":{"line":17,"column":25}}}},"statementMap":{"1":{"start":{"line":1,"column":0},"end":{"line":1,"column":52}},"2":{"start":{"line":17,"column":0},"end":{"line":19,"column":1}},"3":{"start":{"line":18,"column":2},"end":{"line":18,"column":31}},"4":{"start":{"line":21,"column":0},"end":{"line":21,"column":29}}},"branchMap":{},"code":["var startOfDay = require('../start_of_day/index.js')","","/**"," * @category Day Helpers"," * @summary Return the start of today."," *"," * @description"," * Return the start of today."," *"," * @returns {Date} the start of today"," *"," * @example"," * // If today is 6 October 2014:"," * var result = startOfToday()"," * //=> Mon Oct 6 2014 00:00:00"," */","function startOfToday () {","  return startOfDay(new Date())","}","","module.exports = startOfToday",""],"l":{"1":1,"17":1,"18":0,"21":1}},"/home/travis/build/npmtest/node-npmtest-date-fns/node_modules/date-fns/start_of_tomorrow/index.js":{"path":"/home/travis/build/npmtest/node-npmtest-date-fns/node_modules/date-fns/start_of_tomorrow/index.js","s":{"1":1,"2":0,"3":0,"4":0,"5":0,"6":0,"7":0,"8":0,"9":0,"10":1},"b":{},"f":{"1":0},"fnMap":{"1":{"name":"startOfTomorrow","line":15,"loc":{"start":{"line":15,"column":0},"end":{"line":15,"column":28}}}},"statementMap":{"1":{"start":{"line":15,"column":0},"end":{"line":25,"column":1}},"2":{"start":{"line":16,"column":2},"end":{"line":16,"column":22}},"3":{"start":{"line":17,"column":2},"end":{"line":17,"column":30}},"4":{"start":{"line":18,"column":2},"end":{"line":18,"column":28}},"5":{"start":{"line":19,"column":2},"end":{"line":19,"column":25}},"6":{"start":{"line":21,"column":2},"end":{"line":21,"column":24}},"7":{"start":{"line":22,"column":2},"end":{"line":22,"column":40}},"8":{"start":{"line":23,"column":2},"end":{"line":23,"column":27}},"9":{"start":{"line":24,"column":2},"end":{"line":24,"column":13}},"10":{"start":{"line":27,"column":0},"end":{"line":27,"column":32}}},"branchMap":{},"code":["/**"," * @category Day Helpers"," * @summary Return the start of tomorrow."," *"," * @description"," * Return the start of tomorrow."," *"," * @returns {Date} the start of tomorrow"," *"," * @example"," * // If today is 6 October 2014:"," * var result = startOfTomorrow()"," * //=> Tue Oct 7 2014 00:00:00"," */","function startOfTomorrow () {","  var now = new Date()","  var year = now.getFullYear()","  var month = now.getMonth()","  var day = now.getDate()","","  var date = new Date(0)","  date.setFullYear(year, month, day + 1)","  date.setHours(0, 0, 0, 0)","  return date","}","","module.exports = startOfTomorrow",""],"l":{"15":1,"16":0,"17":0,"18":0,"19":0,"21":0,"22":0,"23":0,"24":0,"27":1}},"/home/travis/build/npmtest/node-npmtest-date-fns/node_modules/date-fns/start_of_yesterday/index.js":{"path":"/home/travis/build/npmtest/node-npmtest-date-fns/node_modules/date-fns/start_of_yesterday/index.js","s":{"1":1,"2":0,"3":0,"4":0,"5":0,"6":0,"7":0,"8":0,"9":0,"10":1},"b":{},"f":{"1":0},"fnMap":{"1":{"name":"startOfYesterday","line":15,"loc":{"start":{"line":15,"column":0},"end":{"line":15,"column":29}}}},"statementMap":{"1":{"start":{"line":15,"column":0},"end":{"line":25,"column":1}},"2":{"start":{"line":16,"column":2},"end":{"line":16,"column":22}},"3":{"start":{"line":17,"column":2},"end":{"line":17,"column":30}},"4":{"start":{"line":18,"column":2},"end":{"line":18,"column":28}},"5":{"start":{"line":19,"column":2},"end":{"line":19,"column":25}},"6":{"start":{"line":21,"column":2},"end":{"line":21,"column":24}},"7":{"start":{"line":22,"column":2},"end":{"line":22,"column":40}},"8":{"start":{"line":23,"column":2},"end":{"line":23,"column":27}},"9":{"start":{"line":24,"column":2},"end":{"line":24,"column":13}},"10":{"start":{"line":27,"column":0},"end":{"line":27,"column":33}}},"branchMap":{},"code":["/**"," * @category Day Helpers"," * @summary Return the start of yesterday."," *"," * @description"," * Return the start of yesterday."," *"," * @returns {Date} the start of yesterday"," *"," * @example"," * // If today is 6 October 2014:"," * var result = startOfYesterday()"," * //=> Sun Oct 5 2014 00:00:00"," */","function startOfYesterday () {","  var now = new Date()","  var year = now.getFullYear()","  var month = now.getMonth()","  var day = now.getDate()","","  var date = new Date(0)","  date.setFullYear(year, month, day - 1)","  date.setHours(0, 0, 0, 0)","  return date","}","","module.exports = startOfYesterday",""],"l":{"15":1,"16":0,"17":0,"18":0,"19":0,"21":0,"22":0,"23":0,"24":0,"27":1}},"/home/travis/build/npmtest/node-npmtest-date-fns/node_modules/date-fns/sub_days/index.js":{"path":"/home/travis/build/npmtest/node-npmtest-date-fns/node_modules/date-fns/sub_days/index.js","s":{"1":1,"2":1,"3":0,"4":0,"5":1},"b":{},"f":{"1":0},"fnMap":{"1":{"name":"subDays","line":19,"loc":{"start":{"line":19,"column":0},"end":{"line":19,"column":42}}}},"statementMap":{"1":{"start":{"line":1,"column":0},"end":{"line":1,"column":45}},"2":{"start":{"line":19,"column":0},"end":{"line":22,"column":1}},"3":{"start":{"line":20,"column":2},"end":{"line":20,"column":34}},"4":{"start":{"line":21,"column":2},"end":{"line":21,"column":36}},"5":{"start":{"line":24,"column":0},"end":{"line":24,"column":24}}},"branchMap":{},"code":["var addDays = require('../add_days/index.js')","","/**"," * @category Day Helpers"," * @summary Subtract the specified number of days from the given date."," *"," * @description"," * Subtract the specified number of days from the given date."," *"," * @param {Date|String|Number} date - the date to be changed"," * @param {Number} amount - the amount of days to be subtracted"," * @returns {Date} the new date with the days subtracted"," *"," * @example"," * // Subtract 10 days from 1 September 2014:"," * var result = subDays(new Date(2014, 8, 1), 10)"," * //=> Fri Aug 22 2014 00:00:00"," */","function subDays (dirtyDate, dirtyAmount) {","  var amount = Number(dirtyAmount)","  return addDays(dirtyDate, -amount)","}","","module.exports = subDays",""],"l":{"1":1,"19":1,"20":0,"21":0,"24":1}},"/home/travis/build/npmtest/node-npmtest-date-fns/node_modules/date-fns/sub_hours/index.js":{"path":"/home/travis/build/npmtest/node-npmtest-date-fns/node_modules/date-fns/sub_hours/index.js","s":{"1":1,"2":1,"3":0,"4":0,"5":1},"b":{},"f":{"1":0},"fnMap":{"1":{"name":"subHours","line":19,"loc":{"start":{"line":19,"column":0},"end":{"line":19,"column":43}}}},"statementMap":{"1":{"start":{"line":1,"column":0},"end":{"line":1,"column":47}},"2":{"start":{"line":19,"column":0},"end":{"line":22,"column":1}},"3":{"start":{"line":20,"column":2},"end":{"line":20,"column":34}},"4":{"start":{"line":21,"column":2},"end":{"line":21,"column":37}},"5":{"start":{"line":24,"column":0},"end":{"line":24,"column":25}}},"branchMap":{},"code":["var addHours = require('../add_hours/index.js')","","/**"," * @category Hour Helpers"," * @summary Subtract the specified number of hours from the given date."," *"," * @description"," * Subtract the specified number of hours from the given date."," *"," * @param {Date|String|Number} date - the date to be changed"," * @param {Number} amount - the amount of hours to be subtracted"," * @returns {Date} the new date with the hours subtracted"," *"," * @example"," * // Subtract 2 hours from 11 July 2014 01:00:00:"," * var result = subHours(new Date(2014, 6, 11, 1, 0), 2)"," * //=> Thu Jul 10 2014 23:00:00"," */","function subHours (dirtyDate, dirtyAmount) {","  var amount = Number(dirtyAmount)","  return addHours(dirtyDate, -amount)","}","","module.exports = subHours",""],"l":{"1":1,"19":1,"20":0,"21":0,"24":1}},"/home/travis/build/npmtest/node-npmtest-date-fns/node_modules/date-fns/sub_milliseconds/index.js":{"path":"/home/travis/build/npmtest/node-npmtest-date-fns/node_modules/date-fns/sub_milliseconds/index.js","s":{"1":1,"2":1,"3":0,"4":0,"5":1},"b":{},"f":{"1":0},"fnMap":{"1":{"name":"subMilliseconds","line":19,"loc":{"start":{"line":19,"column":0},"end":{"line":19,"column":50}}}},"statementMap":{"1":{"start":{"line":1,"column":0},"end":{"line":1,"column":61}},"2":{"start":{"line":19,"column":0},"end":{"line":22,"column":1}},"3":{"start":{"line":20,"column":2},"end":{"line":20,"column":34}},"4":{"start":{"line":21,"column":2},"end":{"line":21,"column":44}},"5":{"start":{"line":24,"column":0},"end":{"line":24,"column":32}}},"branchMap":{},"code":["var addMilliseconds = require('../add_milliseconds/index.js')","","/**"," * @category Millisecond Helpers"," * @summary Subtract the specified number of milliseconds from the given date."," *"," * @description"," * Subtract the specified number of milliseconds from the given date."," *"," * @param {Date|String|Number} date - the date to be changed"," * @param {Number} amount - the amount of milliseconds to be subtracted"," * @returns {Date} the new date with the milliseconds subtracted"," *"," * @example"," * // Subtract 750 milliseconds from 10 July 2014 12:45:30.000:"," * var result = subMilliseconds(new Date(2014, 6, 10, 12, 45, 30, 0), 750)"," * //=> Thu Jul 10 2014 12:45:29.250"," */","function subMilliseconds (dirtyDate, dirtyAmount) {","  var amount = Number(dirtyAmount)","  return addMilliseconds(dirtyDate, -amount)","}","","module.exports = subMilliseconds",""],"l":{"1":1,"19":1,"20":0,"21":0,"24":1}},"/home/travis/build/npmtest/node-npmtest-date-fns/node_modules/date-fns/sub_minutes/index.js":{"path":"/home/travis/build/npmtest/node-npmtest-date-fns/node_modules/date-fns/sub_minutes/index.js","s":{"1":1,"2":1,"3":0,"4":0,"5":1},"b":{},"f":{"1":0},"fnMap":{"1":{"name":"subMinutes","line":19,"loc":{"start":{"line":19,"column":0},"end":{"line":19,"column":45}}}},"statementMap":{"1":{"start":{"line":1,"column":0},"end":{"line":1,"column":51}},"2":{"start":{"line":19,"column":0},"end":{"line":22,"column":1}},"3":{"start":{"line":20,"column":2},"end":{"line":20,"column":34}},"4":{"start":{"line":21,"column":2},"end":{"line":21,"column":39}},"5":{"start":{"line":24,"column":0},"end":{"line":24,"column":27}}},"branchMap":{},"code":["var addMinutes = require('../add_minutes/index.js')","","/**"," * @category Minute Helpers"," * @summary Subtract the specified number of minutes from the given date."," *"," * @description"," * Subtract the specified number of minutes from the given date."," *"," * @param {Date|String|Number} date - the date to be changed"," * @param {Number} amount - the amount of minutes to be subtracted"," * @returns {Date} the new date with the mintues subtracted"," *"," * @example"," * // Subtract 30 minutes from 10 July 2014 12:00:00:"," * var result = subMinutes(new Date(2014, 6, 10, 12, 0), 30)"," * //=> Thu Jul 10 2014 11:30:00"," */","function subMinutes (dirtyDate, dirtyAmount) {","  var amount = Number(dirtyAmount)","  return addMinutes(dirtyDate, -amount)","}","","module.exports = subMinutes",""],"l":{"1":1,"19":1,"20":0,"21":0,"24":1}},"/home/travis/build/npmtest/node-npmtest-date-fns/node_modules/date-fns/sub_months/index.js":{"path":"/home/travis/build/npmtest/node-npmtest-date-fns/node_modules/date-fns/sub_months/index.js","s":{"1":1,"2":1,"3":0,"4":0,"5":1},"b":{},"f":{"1":0},"fnMap":{"1":{"name":"subMonths","line":19,"loc":{"start":{"line":19,"column":0},"end":{"line":19,"column":44}}}},"statementMap":{"1":{"start":{"line":1,"column":0},"end":{"line":1,"column":49}},"2":{"start":{"line":19,"column":0},"end":{"line":22,"column":1}},"3":{"start":{"line":20,"column":2},"end":{"line":20,"column":34}},"4":{"start":{"line":21,"column":2},"end":{"line":21,"column":38}},"5":{"start":{"line":24,"column":0},"end":{"line":24,"column":26}}},"branchMap":{},"code":["var addMonths = require('../add_months/index.js')","","/**"," * @category Month Helpers"," * @summary Subtract the specified number of months from the given date."," *"," * @description"," * Subtract the specified number of months from the given date."," *"," * @param {Date|String|Number} date - the date to be changed"," * @param {Number} amount - the amount of months to be subtracted"," * @returns {Date} the new date with the months subtracted"," *"," * @example"," * // Subtract 5 months from 1 February 2015:"," * var result = subMonths(new Date(2015, 1, 1), 5)"," * //=> Mon Sep 01 2014 00:00:00"," */","function subMonths (dirtyDate, dirtyAmount) {","  var amount = Number(dirtyAmount)","  return addMonths(dirtyDate, -amount)","}","","module.exports = subMonths",""],"l":{"1":1,"19":1,"20":0,"21":0,"24":1}},"/home/travis/build/npmtest/node-npmtest-date-fns/node_modules/date-fns/sub_quarters/index.js":{"path":"/home/travis/build/npmtest/node-npmtest-date-fns/node_modules/date-fns/sub_quarters/index.js","s":{"1":1,"2":1,"3":0,"4":0,"5":1},"b":{},"f":{"1":0},"fnMap":{"1":{"name":"subQuarters","line":19,"loc":{"start":{"line":19,"column":0},"end":{"line":19,"column":46}}}},"statementMap":{"1":{"start":{"line":1,"column":0},"end":{"line":1,"column":53}},"2":{"start":{"line":19,"column":0},"end":{"line":22,"column":1}},"3":{"start":{"line":20,"column":2},"end":{"line":20,"column":34}},"4":{"start":{"line":21,"column":2},"end":{"line":21,"column":40}},"5":{"start":{"line":24,"column":0},"end":{"line":24,"column":28}}},"branchMap":{},"code":["var addQuarters = require('../add_quarters/index.js')","","/**"," * @category Quarter Helpers"," * @summary Subtract the specified number of year quarters from the given date."," *"," * @description"," * Subtract the specified number of year quarters from the given date."," *"," * @param {Date|String|Number} date - the date to be changed"," * @param {Number} amount - the amount of quarters to be subtracted"," * @returns {Date} the new date with the quarters subtracted"," *"," * @example"," * // Subtract 3 quarters from 1 September 2014:"," * var result = subQuarters(new Date(2014, 8, 1), 3)"," * //=> Sun Dec 01 2013 00:00:00"," */","function subQuarters (dirtyDate, dirtyAmount) {","  var amount = Number(dirtyAmount)","  return addQuarters(dirtyDate, -amount)","}","","module.exports = subQuarters",""],"l":{"1":1,"19":1,"20":0,"21":0,"24":1}},"/home/travis/build/npmtest/node-npmtest-date-fns/node_modules/date-fns/sub_seconds/index.js":{"path":"/home/travis/build/npmtest/node-npmtest-date-fns/node_modules/date-fns/sub_seconds/index.js","s":{"1":1,"2":1,"3":0,"4":0,"5":1},"b":{},"f":{"1":0},"fnMap":{"1":{"name":"subSeconds","line":19,"loc":{"start":{"line":19,"column":0},"end":{"line":19,"column":45}}}},"statementMap":{"1":{"start":{"line":1,"column":0},"end":{"line":1,"column":51}},"2":{"start":{"line":19,"column":0},"end":{"line":22,"column":1}},"3":{"start":{"line":20,"column":2},"end":{"line":20,"column":34}},"4":{"start":{"line":21,"column":2},"end":{"line":21,"column":39}},"5":{"start":{"line":24,"column":0},"end":{"line":24,"column":27}}},"branchMap":{},"code":["var addSeconds = require('../add_seconds/index.js')","","/**"," * @category Second Helpers"," * @summary Subtract the specified number of seconds from the given date."," *"," * @description"," * Subtract the specified number of seconds from the given date."," *"," * @param {Date|String|Number} date - the date to be changed"," * @param {Number} amount - the amount of seconds to be subtracted"," * @returns {Date} the new date with the seconds subtracted"," *"," * @example"," * // Subtract 30 seconds from 10 July 2014 12:45:00:"," * var result = subSeconds(new Date(2014, 6, 10, 12, 45, 0), 30)"," * //=> Thu Jul 10 2014 12:44:30"," */","function subSeconds (dirtyDate, dirtyAmount) {","  var amount = Number(dirtyAmount)","  return addSeconds(dirtyDate, -amount)","}","","module.exports = subSeconds",""],"l":{"1":1,"19":1,"20":0,"21":0,"24":1}},"/home/travis/build/npmtest/node-npmtest-date-fns/node_modules/date-fns/sub_weeks/index.js":{"path":"/home/travis/build/npmtest/node-npmtest-date-fns/node_modules/date-fns/sub_weeks/index.js","s":{"1":1,"2":1,"3":0,"4":0,"5":1},"b":{},"f":{"1":0},"fnMap":{"1":{"name":"subWeeks","line":19,"loc":{"start":{"line":19,"column":0},"end":{"line":19,"column":43}}}},"statementMap":{"1":{"start":{"line":1,"column":0},"end":{"line":1,"column":47}},"2":{"start":{"line":19,"column":0},"end":{"line":22,"column":1}},"3":{"start":{"line":20,"column":2},"end":{"line":20,"column":34}},"4":{"start":{"line":21,"column":2},"end":{"line":21,"column":37}},"5":{"start":{"line":24,"column":0},"end":{"line":24,"column":25}}},"branchMap":{},"code":["var addWeeks = require('../add_weeks/index.js')","","/**"," * @category Week Helpers"," * @summary Subtract the specified number of weeks from the given date."," *"," * @description"," * Subtract the specified number of weeks from the given date."," *"," * @param {Date|String|Number} date - the date to be changed"," * @param {Number} amount - the amount of weeks to be subtracted"," * @returns {Date} the new date with the weeks subtracted"," *"," * @example"," * // Subtract 4 weeks from 1 September 2014:"," * var result = subWeeks(new Date(2014, 8, 1), 4)"," * //=> Mon Aug 04 2014 00:00:00"," */","function subWeeks (dirtyDate, dirtyAmount) {","  var amount = Number(dirtyAmount)","  return addWeeks(dirtyDate, -amount)","}","","module.exports = subWeeks",""],"l":{"1":1,"19":1,"20":0,"21":0,"24":1}},"/home/travis/build/npmtest/node-npmtest-date-fns/node_modules/date-fns/sub_years/index.js":{"path":"/home/travis/build/npmtest/node-npmtest-date-fns/node_modules/date-fns/sub_years/index.js","s":{"1":1,"2":1,"3":0,"4":0,"5":1},"b":{},"f":{"1":0},"fnMap":{"1":{"name":"subYears","line":19,"loc":{"start":{"line":19,"column":0},"end":{"line":19,"column":43}}}},"statementMap":{"1":{"start":{"line":1,"column":0},"end":{"line":1,"column":47}},"2":{"start":{"line":19,"column":0},"end":{"line":22,"column":1}},"3":{"start":{"line":20,"column":2},"end":{"line":20,"column":34}},"4":{"start":{"line":21,"column":2},"end":{"line":21,"column":37}},"5":{"start":{"line":24,"column":0},"end":{"line":24,"column":25}}},"branchMap":{},"code":["var addYears = require('../add_years/index.js')","","/**"," * @category Year Helpers"," * @summary Subtract the specified number of years from the given date."," *"," * @description"," * Subtract the specified number of years from the given date."," *"," * @param {Date|String|Number} date - the date to be changed"," * @param {Number} amount - the amount of years to be subtracted"," * @returns {Date} the new date with the years subtracted"," *"," * @example"," * // Subtract 5 years from 1 September 2014:"," * var result = subYears(new Date(2014, 8, 1), 5)"," * //=> Tue Sep 01 2009 00:00:00"," */","function subYears (dirtyDate, dirtyAmount) {","  var amount = Number(dirtyAmount)","  return addYears(dirtyDate, -amount)","}","","module.exports = subYears",""],"l":{"1":1,"19":1,"20":0,"21":0,"24":1}}}